<?xml version="1.0" encoding="UTF-8"?>
<testsuites>
	<testsuite errors="0" failures="1" name="RunTask-20181219233355" skipped="0" tests="2" time="3.480" timestamp="2018-12-19T23:33:58">
		<testcase classname="RunTask" name="test_case_file_00002_14" time="0.494" timestamp="2018-12-19T23:33:58"/>
		<testcase classname="RunTask" name="test_case_file_00001_13" time="2.986" timestamp="2018-12-19T23:33:58">
			<failure message="'https://api.github.com/users/DavidYanXW' not found in '&quot;[{\\&quot;id\\&quot;:\\&quot;8779709101\\&quot;,\\&quot;type\\&quot;:\\&quot;PushEvent\\&quot;,\\&quot;actor\\&quot;:{\\&quot;id\\&quot;:35590162,\\&quot;login\\&quot;:\\&quot;unitydemo2\\&quot;,\\&quot;display_login\\&quot;:\\&quot;unitydemo2\\&quot;,\\&quot;gravatar_id\\&quot;:\\&quot;\\&quot;,\\&quot;url\\&quot;:\\&quot;https://api.github.com/users/unitydemo2\\&quot;,\\&quot;avatar_url\\&quot;:\\&quot;https://avatars.githubusercontent.com/u/35590162?\\&quot;},\\&quot;repo\\&quot;:{\\&quot;id\\&quot;:131800643,\\&quot;name\\&quot;:\\&quot;unitydemo2/AssetPullTest\\&quot;,\\&quot;url\\&quot;:\\&quot;https://api.github.com/repos/unitydemo2/AssetPullTest\\&quot;},\\&quot;payload\\&quot;:{\\&quot;push_id\\&quot;:3151206244,\\&quot;size\\&quot;:0,\\&quot;distinct_size\\&quot;:0,\\&quot;ref\\&quot;:\\&quot;refs/heads/DW/AssetPullNew/frontendmanualgithub/dist001/Manual-0\\&quot;,\\&quot;head\\&quot;:\\&quot;c4871b149105a2b3235d117a6e1482f48d8f76df\\&quot;,\\&quot;before\\&quot;:\\&quot;c4871b149105a2b3235d117a6e1482f48d8f76df\\&quot;,\\&quot;commits\\&quot;:[]},\\&quot;public\\&quot;:true,\\&quot;created_at\\&quot;:\\&quot;2018-12-19T15:28:55Z\\&quot;},{\\&quot;id\\&quot;:\\&quot;8779709096\\&quot;,\\&quot;type\\&quot;:\\&quot;IssueCommentEvent\\&quot;,\\&quot;actor\\&quot;:{\\&quot;id\\&quot;:15837671,\\&quot;login\\&quot;:\\&quot;elasticmachine\\&quot;,\\&quot;display_login\\&quot;:\\&quot;elasticmachine\\&quot;,\\&quot;gravatar_id\\&quot;:\\&quot;\\&quot;,\\&quot;url\\&quot;:\\&quot;https://api.github.com/users/elasticmachine\\&quot;,\\&quot;avatar_url\\&quot;:\\&quot;https://avatars.githubusercontent.com/u/15837671?\\&quot;},\\&quot;repo\\&quot;:{\\&quot;id\\&quot;:7833168,\\&quot;name\\&quot;:\\&quot;elastic/kibana\\&quot;,\\&quot;url\\&quot;:\\&quot;https://api.github.com/repos/elastic/kibana\\&quot;},\\&quot;payload\\&quot;:{\\&quot;action\\&quot;:\\&quot;created\\&quot;,\\&quot;issue\\&quot;:{\\&quot;url\\&quot;:\\&quot;https://api.github.com/repos/elastic/kibana/issues/27497\\&quot;,\\&quot;repository_url\\&quot;:\\&quot;https://api.github.com/repos/elastic/kibana\\&quot;,\\&quot;labels_url\\&quot;:\\&quot;https://api.github.com/repos/elastic/kibana/issues/27497/labels{/name}\\&quot;,\\&quot;comments_url\\&quot;:\\&quot;https://api.github.com/repos/elastic/kibana/issues/27497/comments\\&quot;,\\&quot;events_url\\&quot;:\\&quot;https://api.github.com/repos/elastic/kibana/issues/27497/events\\&quot;,\\&quot;html_url\\&quot;:\\&quot;https://github.com/elastic/kibana/pull/27497\\&quot;,\\&quot;id\\&quot;:392651967,\\&quot;node_id\\&quot;:\\&quot;MDExOlB1bGxSZXF1ZXN0MjM5ODc1MzMy\\&quot;,\\&quot;number\\&quot;:27497,\\&quot;title\\&quot;:\\&quot;Bump 6.x branch to 6.7\\&quot;,\\&quot;user\\&quot;:{\\&quot;login\\&quot;:\\&quot;joshdover\\&quot;,\\&quot;id\\&quot;:1813008,\\&quot;node_id\\&quot;:\\&quot;MDQ6VXNlcjE4MTMwMDg=\\&quot;,\\&quot;avatar_url\\&quot;:\\&quot;https://avatars2.githubusercontent.com/u/1813008?v=4\\&quot;,\\&quot;gravatar_id\\&quot;:\\&quot;\\&quot;,\\&quot;url\\&quot;:\\&quot;https://api.github.com/users/joshdover\\&quot;,\\&quot;html_url\\&quot;:\\&quot;https://github.com/joshdover\\&quot;,\\&quot;followers_url\\&quot;:\\&quot;https://api.github.com/users/joshdover/followers\\&quot;,\\&quot;following_url\\&quot;:\\&quot;https://api.github.com/users/joshdover/following{/other_user}\\&quot;,\\&quot;gists_url\\&quot;:\\&quot;https://api.github.com/users/joshdover/gists{/gist_id}\\&quot;,\\&quot;starred_url\\&quot;:\\&quot;https://api.github.com/users/joshdover/starred{/owner}{/repo}\\&quot;,\\&quot;subscriptions_url\\&quot;:\\&quot;https://api.github.com/users/joshdover/subscriptions\\&quot;,\\&quot;organizations_url\\&quot;:\\&quot;https://api.github.com/users/joshdover/orgs\\&quot;,\\&quot;repos_url\\&quot;:\\&quot;https://api.github.com/users/joshdover/repos\\&quot;,\\&quot;events_url\\&quot;:\\&quot;https://api.github.com/users/joshdover/events{/privacy}\\&quot;,\\&quot;received_events_url\\&quot;:\\&quot;https://api.github.com/users/joshdover/received_events\\&quot;,\\&quot;type\\&quot;:\\&quot;User\\&quot;,\\&quot;site_admin\\&quot;:false},\\&quot;labels\\&quot;:[{\\&quot;id\\&quot;:470241342,\\&quot;node_id\\&quot;:\\&quot;MDU6TGFiZWw0NzAyNDEzNDI=\\&quot;,\\&quot;url\\&quot;:\\&quot;https://api.github.com/repos/elastic/kibana/labels/:Operations\\&quot;,\\&quot;name\\&quot;:\\&quot;:Operations\\&quot;,\\&quot;color\\&quot;:\\&quot;fef2c0\\&quot;,\\&quot;default\\&quot;:false}],\\&quot;state\\&quot;:\\&quot;open\\&quot;,\\&quot;locked\\&quot;:false,\\&quot;assignee\\&quot;:null,\\&quot;assignees\\&quot;:[],\\&quot;milestone\\&quot;:null,\\&quot;comments\\&quot;:0,\\&quot;created_at\\&quot;:\\&quot;2018-12-19T15:26:50Z\\&quot;,\\&quot;updated_at\\&quot;:\\&quot;2018-12-19T15:28:54Z\\&quot;,\\&quot;closed_at\\&quot;:null,\\&quot;author_association\\&quot;:\\&quot;MEMBER\\&quot;,\\&quot;pull_request\\&quot;:{\\&quot;url\\&quot;:\\&quot;https://api.github.com/repos/elastic/kibana/pulls/27497\\&quot;,\\&quot;html_url\\&quot;:\\&quot;https://github.com/elastic/kibana/pull/27497\\&quot;,\\&quot;diff_url\\&quot;:\\&quot;https://github.com/elastic/kibana/pull/27497.diff\\&quot;,\\&quot;patch_url\\&quot;:\\&quot;https://github.com/elastic/kibana/pull/27497.patch\\&quot;},\\&quot;body\\&quot;:\\&quot;## Summary\\\\r\\\\n\\\\r\\\\nIncrement package.json versions and update .backportrc.json\\\\r\\\\n\\\\r\\\\n\\&quot;},\\&quot;comment\\&quot;:{\\&quot;url\\&quot;:\\&quot;https://api.github.com/repos/elastic/kibana/issues/comments/448635364\\&quot;,\\&quot;html_url\\&quot;:\\&quot;https://github.com/elastic/kibana/pull/27497#issuecomment-448635364\\&quot;,\\&quot;issue_url\\&quot;:\\&quot;https://api.github.com/repos/elastic/kibana/issues/27497\\&quot;,\\&quot;id\\&quot;:448635364,\\&quot;node_id\\&quot;:\\&quot;MDEyOklzc3VlQ29tbWVudDQ0ODYzNTM2NA==\\&quot;,\\&quot;user\\&quot;:{\\&quot;login\\&quot;:\\&quot;elasticmachine\\&quot;,\\&quot;id\\&quot;:15837671,\\&quot;node_id\\&quot;:\\&quot;MDQ6VXNlcjE1ODM3Njcx\\&quot;,\\&quot;avatar_url\\&quot;:\\&quot;https://avatars3.githubusercontent.com/u/15837671?v=4\\&quot;,\\&quot;gravatar_id\\&quot;:\\&quot;\\&quot;,\\&quot;url\\&quot;:\\&quot;https://api.github.com/users/elasticmachine\\&quot;,\\&quot;html_url\\&quot;:\\&quot;https://github.com/elasticmachine\\&quot;,\\&quot;followers_url\\&quot;:\\&quot;https://api.github.com/users/elasticmachine/followers\\&quot;,\\&quot;following_url\\&quot;:\\&quot;https://api.github.com/users/elasticmachine/following{/other_user}\\&quot;,\\&quot;gists_url\\&quot;:\\&quot;https://api.github.com/users/elasticmachine/gists{/gist_id}\\&quot;,\\&quot;starred_url\\&quot;:\\&quot;https://api.github.com/users/elasticmachine/starred{/owner}{/repo}\\&quot;,\\&quot;subscriptions_url\\&quot;:\\&quot;https://api.github.com/users/elasticmachine/subscriptions\\&quot;,\\&quot;organizations_url\\&quot;:\\&quot;https://api.github.com/users/elasticmachine/orgs\\&quot;,\\&quot;repos_url\\&quot;:\\&quot;https://api.github.com/users/elasticmachine/repos\\&quot;,\\&quot;events_url\\&quot;:\\&quot;https://api.github.com/users/elasticmachine/events{/privacy}\\&quot;,\\&quot;received_events_url\\&quot;:\\&quot;https://api.github.com/users/elasticmachine/received_events\\&quot;,\\&quot;type\\&quot;:\\&quot;User\\&quot;,\\&quot;site_admin\\&quot;:false},\\&quot;created_at\\&quot;:\\&quot;2018-12-19T15:28:54Z\\&quot;,\\&quot;updated_at\\&quot;:\\&quot;2018-12-19T15:28:54Z\\&quot;,\\&quot;author_association\\&quot;:\\&quot;NONE\\&quot;,\\&quot;body\\&quot;:\\&quot;Pinging @elastic/kibana-operations\\&quot;}},\\&quot;public\\&quot;:true,\\&quot;created_at\\&quot;:\\&quot;2018-12-19T15:28:55Z\\&quot;,\\&quot;org\\&quot;:{\\&quot;id\\&quot;:6764390,\\&quot;login\\&quot;:\\&quot;elastic\\&quot;,\\&quot;gravatar_id\\&quot;:\\&quot;\\&quot;,\\&quot;url\\&quot;:\\&quot;https://api.github.com/orgs/elastic\\&quot;,\\&quot;avatar_url\\&quot;:\\&quot;https://avatars.githubusercontent.com/u/6764390?\\&quot;}},{\\&quot;id\\&quot;:\\&quot;8779709092\\&quot;,\\&quot;type\\&quot;:\\&quot;PushEvent\\&quot;,\\&quot;actor\\&quot;:{\\&quot;id\\&quot;:13934694,\\&quot;login\\&quot;:\\&quot;bulax41\\&quot;,\\&quot;display_login\\&quot;:\\&quot;bulax41\\&quot;,\\&quot;gravatar_id\\&quot;:\\&quot;\\&quot;,\\&quot;url\\&quot;:\\&quot;https://api.github.com/users/bulax41\\&quot;,\\&quot;avatar_url\\&quot;:\\&quot;https://avatars.githubusercontent.com/u/13934694?\\&quot;},\\&quot;repo\\&quot;:{\\&quot;id\\&quot;:41269340,\\&quot;name\\&quot;:\\&quot;bulax41/firewall\\&quot;,\\&quot;url\\&quot;:\\&quot;https://api.github.com/repos/bulax41/firewall\\&quot;},\\&quot;payload\\&quot;:{\\&quot;push_id\\&quot;:3151206236,\\&quot;size\\&quot;:1,\\&quot;distinct_size\\&quot;:1,\\&quot;ref\\&quot;:\\&quot;refs/heads/beeks\\&quot;,\\&quot;head\\&quot;:\\&quot;1a3583b5715f9b8b95596939b07be6029580b08e\\&quot;,\\&quot;before\\&quot;:\\&quot;ec76e95918d37705ca1db0ec88471d08dd6e9310\\&quot;,\\&quot;commits\\&quot;:[{\\&quot;sha\\&quot;:\\&quot;1a3583b5715f9b8b95596939b07be6029580b08e\\&quot;,\\&quot;author\\&quot;:{\\&quot;email\\&quot;:\\&quot;peter@johnsonhome.org\\&quot;,\\&quot;name\\&quot;:\\&quot;Peter Johnson\\&quot;},\\&quot;message\\&quot;:\\&quot;bugs\\&quot;,\\&quot;distinct\\&quot;:true,\\&quot;url\\&quot;:\\&quot;https://api.github.com/repos/bulax41/firewall/commits/1a3583b5715f9b8b95596939b07be6029580b08e\\&quot;}]},\\&quot;public\\&quot;:true,\\&quot;created_at\\&quot;:\\&quot;2018-12-19T15:28:55Z\\&quot;},{\\&quot;id\\&quot;:\\&quot;8779709090\\&quot;,\\&quot;type\\&quot;:\\&quot;PushEvent\\&quot;,\\&quot;actor\\&quot;:{\\&quot;id\\&quot;:45128598,\\&quot;login\\&quot;:\\&quot;Kevin-R-N\\&quot;,\\&quot;display_login\\&quot;:\\&quot;Kevin-R-N\\&quot;,\\&quot;gravatar_id\\&quot;:\\&quot;\\&quot;,\\&quot;url\\&quot;:\\&quot;https://api.github.com/users/Kevin-R-N\\&quot;,\\&quot;avatar_url\\&quot;:\\&quot;https://avatars.githubusercontent.com/u/45128598?\\&quot;},\\&quot;repo\\&quot;:{\\&quot;id\\&quot;:162448352,\\&quot;name\\&quot;:\\&quot;Kevin-R-N/Algorithm-DataStructures\\&quot;,\\&quot;url\\&quot;:\\&quot;https://api.github.com/repos/Kevin-R-N/Algorithm-DataStructures\\&quot;},\\&quot;payload\\&quot;:{\\&quot;push_id\\&quot;:3151206235,\\&quot;size\\&quot;:1,\\&quot;distinct_size\\&quot;:1,\\&quot;ref\\&quot;:\\&quot;refs/heads/master\\&quot;,\\&quot;head\\&quot;:\\&quot;6338186163cc7630b99719b4ae0e278a1e7b8ff5\\&quot;,\\&quot;before\\&quot;:\\&quot;6b14d73348dad4c769f5a001e4c08eb1b0b38976\\&quot;,\\&quot;commits\\&quot;:[{\\&quot;sha\\&quot;:\\&quot;6338186163cc7630b99719b4ae0e278a1e7b8ff5\\&quot;,\\&quot;author\\&quot;:{\\&quot;email\\&quot;:\\&quot;45128598+Kevin-R-N@users.noreply.github.com\\&quot;,\\&quot;name\\&quot;:\\&quot;[ LONER ]\\&quot;},\\&quot;message\\&quot;:\\&quot;Rename Queue from stacks to III/Queue from stacks\\&quot;,\\&quot;distinct\\&quot;:true,\\&quot;url\\&quot;:\\&quot;https://api.github.com/repos/Kevin-R-N/Algorithm-DataStructures/commits/6338186163cc7630b99719b4ae0e278a1e7b8ff5\\&quot;}]},\\&quot;public\\&quot;:true,\\&quot;created_at\\&quot;:\\&quot;2018-12-19T15:28:55Z\\&quot;},{\\&quot;id\\&quot;:\\&quot;8779709072\\&quot;,\\&quot;type\\&quot;:\\&quot;PushEvent\\&quot;,\\&quot;actor\\&quot;:{\\&quot;id\\&quot;:6871607,\\&quot;login\\&quot;:\\&quot;TorLdre\\&quot;,\\&quot;display_login\\&quot;:\\&quot;TorLdre\\&quot;,\\&quot;gravatar_id\\&quot;:\\&quot;\\&quot;,\\&quot;url\\&quot;:\\&quot;https://api.github.com/users/TorLdre\\&quot;,\\&quot;avatar_url\\&quot;:\\&quot;https://avatars.githubusercontent.com/u/6871607?\\&quot;},\\&quot;repo\\&quot;:{\\&quot;id\\&quot;:26901774,\\&quot;name\\&quot;:\\&quot;norcams/himlar\\&quot;,\\&quot;url\\&quot;:\\&quot;https://api.github.com/repos/norcams/himlar\\&quot;},\\&quot;payload\\&quot;:{\\&quot;push_id\\&quot;:3151206224,\\&quot;size\\&quot;:1,\\&quot;distinct_size\\&quot;:1,\\&quot;ref\\&quot;:\\&quot;refs/heads/master\\&quot;,\\&quot;head\\&quot;:\\&quot;5ae7758b72d9d060525c253d1c9da5c9e439d93b\\&quot;,\\&quot;before\\&quot;:\\&quot;04d12f51fadac4bfac5b61ff933c4d757d6971fa\\&quot;,\\&quot;commits\\&quot;:[{\\&quot;sha\\&quot;:\\&quot;5ae7758b72d9d060525c253d1c9da5c9e439d93b\\&quot;,\\&quot;author\\&quot;:{\\&quot;email\\&quot;:\\&quot;tor.ledre@gmail.com\\&quot;,\\&quot;name\\&quot;:\\&quot;TorLdre\\&quot;},\\&quot;message\\&quot;:\\&quot;fix network config\\&quot;,\\&quot;distinct\\&quot;:true,\\&quot;url\\&quot;:\\&quot;https://api.github.com/repos/norcams/himlar/commits/5ae7758b72d9d060525c253d1c9da5c9e439d93b\\&quot;}]},\\&quot;public\\&quot;:true,\\&quot;created_at\\&quot;:\\&quot;2018-12-19T15:28:55Z\\&quot;,\\&quot;org\\&quot;:{\\&quot;id\\&quot;:6114661,\\&quot;login\\&quot;:\\&quot;norcams\\&quot;,\\&quot;gravatar_id\\&quot;:\\&quot;\\&quot;,\\&quot;url\\&quot;:\\&quot;https://api.github.com/orgs/norcams\\&quot;,\\&quot;avatar_url\\&quot;:\\&quot;https://avatars.githubusercontent.com/u/6114661?\\&quot;}},{\\&quot;id\\&quot;:\\&quot;8779709076\\&quot;,\\&quot;type\\&quot;:\\&quot;CreateEvent\\&quot;,\\&quot;actor\\&quot;:{\\&quot;id\\&quot;:24471474,\\&quot;login\\&quot;:\\&quot;woshiliuan\\&quot;,\\&quot;display_login\\&quot;:\\&quot;woshiliuan\\&quot;,\\&quot;gravatar_id\\&quot;:\\&quot;\\&quot;,\\&quot;url\\&quot;:\\&quot;https://api.github.com/users/woshiliuan\\&quot;,\\&quot;avatar_url\\&quot;:\\&quot;https://avatars.githubusercontent.com/u/24471474?\\&quot;},\\&quot;repo\\&quot;:{\\&quot;id\\&quot;:162453016,\\&quot;name\\&quot;:\\&quot;woshiliuan/learngit\\&quot;,\\&quot;url\\&quot;:\\&quot;https://api.github.com/repos/woshiliuan/learngit\\&quot;},\\&quot;payload\\&quot;:{\\&quot;ref\\&quot;:\\&quot;master\\&quot;,\\&quot;ref_type\\&quot;:\\&quot;branch\\&quot;,\\&quot;master_branch\\&quot;:\\&quot;master\\&quot;,\\&quot;description\\&quot;:null,\\&quot;pusher_type\\&quot;:\\&quot;user\\&quot;},\\&quot;public\\&quot;:true,\\&quot;created_at\\&quot;:\\&quot;2018-12-19T15:28:55Z\\&quot;},{\\&quot;id\\&quot;:\\&quot;8779709073\\&quot;,\\&quot;type\\&quot;:\\&quot;PullRequestEvent\\&quot;,\\&quot;actor\\&quot;:{\\&quot;id\\&quot;:32817764,\\&quot;login\\&quot;:\\&quot;Bestcoderg\\&quot;,\\&quot;display_login\\&quot;:\\&quot;Bestcoderg\\&quot;,\\&quot;gravatar_id\\&quot;:\\&quot;\\&quot;,\\&quot;url\\&quot;:\\&quot;https://api.github.com/users/Bestcoderg\\&quot;,\\&quot;avatar_url\\&quot;:\\&quot;https://avatars.githubusercontent.com/u/32817764?\\&quot;},\\&quot;repo\\&quot;:{\\&quot;id\\&quot;:162088486,\\&quot;name\\&quot;:\\&quot;Bestcoderg/OS01\\&quot;,\\&quot;url\\&quot;:\\&quot;https://api.github.com/repos/Bestcoderg/OS01\\&quot;},\\&quot;payload\\&quot;:{\\&quot;action\\&quot;:\\&quot;closed\\&quot;,\\&quot;number\\&quot;:1,\\&quot;pull_request\\&quot;:{\\&quot;url\\&quot;:\\&quot;https://api.github.com/repos/Bestcoderg/OS01/pulls/1\\&quot;,\\&quot;id\\&quot;:239875943,\\&quot;node_id\\&quot;:\\&quot;MDExOlB1bGxSZXF1ZXN0MjM5ODc1OTQz\\&quot;,\\&quot;html_url\\&quot;:\\&quot;https://github.com/Bestcoderg/OS01/pull/1\\&quot;,\\&quot;diff_url\\&quot;:\\&quot;https://github.com/Bestcoderg/OS01/pull/1.diff\\&quot;,\\&quot;patch_url\\&quot;:\\&quot;https://github.com/Bestcoderg/OS01/pull/1.patch\\&quot;,\\&quot;issue_url\\&quot;:\\&quot;https://api.github.com/repos/Bestcoderg/OS01/issues/1\\&quot;,\\&quot;number\\&quot;:1,\\&quot;state\\&quot;:\\&quot;closed\\&quot;,\\&quot;locked\\&quot;:false,\\&quot;title\\&quot;:\\&quot;\\u66f4\\u65b0\\u6570\\u636e\\&quot;,\\&quot;user\\&quot;:{\\&quot;login\\&quot;:\\&quot;Bestcoderg\\&quot;,\\&quot;id\\&quot;:32817764,\\&quot;node_id\\&quot;:\\&quot;MDQ6VXNlcjMyODE3NzY0\\&quot;,\\&quot;avatar_url\\&quot;:\\&quot;https://avatars0.githubusercontent.com/u/32817764?v=4\\&quot;,\\&quot;gravatar_id\\&quot;:\\&quot;\\&quot;,\\&quot;url\\&quot;:\\&quot;https://api.github.com/users/Bestcoderg\\&quot;,\\&quot;html_url\\&quot;:\\&quot;https://github.com/Bestcoderg\\&quot;,\\&quot;followers_url\\&quot;:\\&quot;https://api.github.com/users/Bestcoderg/followers\\&quot;,\\&quot;following_url\\&quot;:\\&quot;https://api.github.com/users/Bestcoderg/following{/other_user}\\&quot;,\\&quot;gists_url\\&quot;:\\&quot;https://api.github.com/users/Bestcoderg/gists{/gist_id}\\&quot;,\\&quot;starred_url\\&quot;:\\&quot;https://api.github.com/users/Bestcoderg/starred{/owner}{/repo}\\&quot;,\\&quot;subscriptions_url\\&quot;:\\&quot;https://api.github.com/users/Bestcoderg/subscriptions\\&quot;,\\&quot;organizations_url\\&quot;:\\&quot;https://api.github.com/users/Bestcoderg/orgs\\&quot;,\\&quot;repos_url\\&quot;:\\&quot;https://api.github.com/users/Bestcoderg/repos\\&quot;,\\&quot;events_url\\&quot;:\\&quot;https://api.github.com/users/Bestcoderg/events{/privacy}\\&quot;,\\&quot;received_events_url\\&quot;:\\&quot;https://api.github.com/users/Bestcoderg/received_events\\&quot;,\\&quot;type\\&quot;:\\&quot;User\\&quot;,\\&quot;site_admin\\&quot;:false},\\&quot;body\\&quot;:\\&quot;\\&quot;,\\&quot;created_at\\&quot;:\\&quot;2018-12-19T15:28:31Z\\&quot;,\\&quot;updated_at\\&quot;:\\&quot;2018-12-19T15:28:54Z\\&quot;,\\&quot;closed_at\\&quot;:\\&quot;2018-12-19T15:28:54Z\\&quot;,\\&quot;merged_at\\&quot;:\\&quot;2018-12-19T15:28:54Z\\&quot;,\\&quot;merge_commit_sha\\&quot;:\\&quot;f9268e9071ef03560f7ffc5baaeb3deafe9ad9d6\\&quot;,\\&quot;assignee\\&quot;:null,\\&quot;assignees\\&quot;:[],\\&quot;requested_reviewers\\&quot;:[],\\&quot;requested_teams\\&quot;:[],\\&quot;labels\\&quot;:[],\\&quot;milestone\\&quot;:null,\\&quot;commits_url\\&quot;:\\&quot;https://api.github.com/repos/Bestcoderg/OS01/pulls/1/commits\\&quot;,\\&quot;review_comments_url\\&quot;:\\&quot;https://api.github.com/repos/Bestcoderg/OS01/pulls/1/comments\\&quot;,\\&quot;review_comment_url\\&quot;:\\&quot;https://api.github.com/repos/Bestcoderg/OS01/pulls/comments{/number}\\&quot;,\\&quot;comments_url\\&quot;:\\&quot;https://api.github.com/repos/Bestcoderg/OS01/issues/1/comments\\&quot;,\\&quot;statuses_url\\&quot;:\\&quot;https://api.github.com/repos/Bestcoderg/OS01/statuses/d38ea9cf532ab7b4df7e442952f1ddd43dad57e2\\&quot;,\\&quot;head\\&quot;:{\\&quot;label\\&quot;:\\&quot;aagu:master\\&quot;,\\&quot;ref\\&quot;:\\&quot;master\\&quot;,\\&quot;sha\\&quot;:\\&quot;d38ea9cf532ab7b4df7e442952f1ddd43dad57e2\\&quot;,\\&quot;user\\&quot;:{\\&quot;login\\&quot;:\\&quot;aagu\\&quot;,\\&quot;id\\&quot;:7698210,\\&quot;node_id\\&quot;:\\&quot;MDQ6VXNlcjc2OTgyMTA=\\&quot;,\\&quot;avatar_url\\&quot;:\\&quot;https://avatars1.githubusercontent.com/u/7698210?v=4\\&quot;,\\&quot;gravatar_id\\&quot;:\\&quot;\\&quot;,\\&quot;url\\&quot;:\\&quot;https://api.github.com/users/aagu\\&quot;,\\&quot;html_url\\&quot;:\\&quot;https://github.com/aagu\\&quot;,\\&quot;followers_url\\&quot;:\\&quot;https://api.github.com/users/aagu/followers\\&quot;,\\&quot;following_url\\&quot;:\\&quot;https://api.github.com/users/aagu/following{/other_user}\\&quot;,\\&quot;gists_url\\&quot;:\\&quot;https://api.github.com/users/aagu/gists{/gist_id}\\&quot;,\\&quot;starred_url\\&quot;:\\&quot;https://api.github.com/users/aagu/starred{/owner}{/repo}\\&quot;,\\&quot;subscriptions_url\\&quot;:\\&quot;https://api.github.com/users/aagu/subscriptions\\&quot;,\\&quot;organizations_url\\&quot;:\\&quot;https://api.github.com/users/aagu/orgs\\&quot;,\\&quot;repos_url\\&quot;:\\&quot;https://api.github.com/users/aagu/repos\\&quot;,\\&quot;events_url\\&quot;:\\&quot;https://api.github.com/users/aagu/events{/privacy}\\&quot;,\\&quot;received_events_url\\&quot;:\\&quot;https://api.github.com/users/aagu/received_events\\&quot;,\\&quot;type\\&quot;:\\&quot;User\\&quot;,\\&quot;site_admin\\&quot;:false},\\&quot;repo\\&quot;:{\\&quot;id\\&quot;:161602727,\\&quot;node_id\\&quot;:\\&quot;MDEwOlJlcG9zaXRvcnkxNjE2MDI3Mjc=\\&quot;,\\&quot;name\\&quot;:\\&quot;OS01\\&quot;,\\&quot;full_name\\&quot;:\\&quot;aagu/OS01\\&quot;,\\&quot;private\\&quot;:false,\\&quot;owner\\&quot;:{\\&quot;login\\&quot;:\\&quot;aagu\\&quot;,\\&quot;id\\&quot;:7698210,\\&quot;node_id\\&quot;:\\&quot;MDQ6VXNlcjc2OTgyMTA=\\&quot;,\\&quot;avatar_url\\&quot;:\\&quot;https://avatars1.githubusercontent.com/u/7698210?v=4\\&quot;,\\&quot;gravatar_id\\&quot;:\\&quot;\\&quot;,\\&quot;url\\&quot;:\\&quot;https://api.github.com/users/aagu\\&quot;,\\&quot;html_url\\&quot;:\\&quot;https://github.com/aagu\\&quot;,\\&quot;followers_url\\&quot;:\\&quot;https://api.github.com/users/aagu/followers\\&quot;,\\&quot;following_url\\&quot;:\\&quot;https://api.github.com/users/aagu/following{/other_user}\\&quot;,\\&quot;gists_url\\&quot;:\\&quot;https://api.github.com/users/aagu/gists{/gist_id}\\&quot;,\\&quot;starred_url\\&quot;:\\&quot;https://api.github.com/users/aagu/starred{/owner}{/repo}\\&quot;,\\&quot;subscriptions_url\\&quot;:\\&quot;https://api.github.com/users/aagu/subscriptions\\&quot;,\\&quot;organizations_url\\&quot;:\\&quot;https://api.github.com/users/aagu/orgs\\&quot;,\\&quot;repos_url\\&quot;:\\&quot;https://api.github.com/users/aagu/repos\\&quot;,\\&quot;events_url\\&quot;:\\&quot;https://api.github.com/users/aagu/events{/privacy}\\&quot;,\\&quot;received_events_url\\&quot;:\\&quot;https://api.github.com/users/aagu/received_events\\&quot;,\\&quot;type\\&quot;:\\&quot;User\\&quot;,\\&quot;site_admin\\&quot;:false},\\&quot;html_url\\&quot;:\\&quot;https://github.com/aagu/OS01\\&quot;,\\&quot;description\\&quot;:null,\\&quot;fork\\&quot;:false,\\&quot;url\\&quot;:\\&quot;https://api.github.com/repos/aagu/OS01\\&quot;,\\&quot;forks_url\\&quot;:\\&quot;https://api.github.com/repos/aagu/OS01/forks\\&quot;,\\&quot;keys_url\\&quot;:\\&quot;https://api.github.com/repos/aagu/OS01/keys{/key_id}\\&quot;,\\&quot;collaborators_url\\&quot;:\\&quot;https://api.github.com/repos/aagu/OS01/collaborators{/collaborator}\\&quot;,\\&quot;teams_url\\&quot;:\\&quot;https://api.github.com/repos/aagu/OS01/teams\\&quot;,\\&quot;hooks_url\\&quot;:\\&quot;https://api.github.com/repos/aagu/OS01/hooks\\&quot;,\\&quot;issue_events_url\\&quot;:\\&quot;https://api.github.com/repos/aagu/OS01/issues/events{/number}\\&quot;,\\&quot;events_url\\&quot;:\\&quot;https://api.github.com/repos/aagu/OS01/events\\&quot;,\\&quot;assignees_url\\&quot;:\\&quot;https://api.github.com/repos/aagu/OS01/assignees{/user}\\&quot;,\\&quot;branches_url\\&quot;:\\&quot;https://api.github.com/repos/aagu/OS01/branches{/branch}\\&quot;,\\&quot;tags_url\\&quot;:\\&quot;https://api.github.com/repos/aagu/OS01/tags\\&quot;,\\&quot;blobs_url\\&quot;:\\&quot;https://api.github.com/repos/aagu/OS01/git/blobs{/sha}\\&quot;,\\&quot;git_tags_url\\&quot;:\\&quot;https://api.github.com/repos/aagu/OS01/git/tags{/sha}\\&quot;,\\&quot;git_refs_url\\&quot;:\\&quot;https://api.github.com/repos/aagu/OS01/git/refs{/sha}\\&quot;,\\&quot;trees_url\\&quot;:\\&quot;https://api.github.com/repos/aagu/OS01/git/trees{/sha}\\&quot;,\\&quot;statuses_url\\&quot;:\\&quot;https://api.github.com/repos/aagu/OS01/statuses/{sha}\\&quot;,\\&quot;languages_url\\&quot;:\\&quot;https://api.github.com/repos/aagu/OS01/languages\\&quot;,\\&quot;stargazers_url\\&quot;:\\&quot;https://api.github.com/repos/aagu/OS01/stargazers\\&quot;,\\&quot;contributors_url\\&quot;:\\&quot;https://api.github.com/repos/aagu/OS01/contributors\\&quot;,\\&quot;subscribers_url\\&quot;:\\&quot;https://api.github.com/repos/aagu/OS01/subscribers\\&quot;,\\&quot;subscription_url\\&quot;:\\&quot;https://api.github.com/repos/aagu/OS01/subscription\\&quot;,\\&quot;commits_url\\&quot;:\\&quot;https://api.github.com/repos/aagu/OS01/commits{/sha}\\&quot;,\\&quot;git_commits_url\\&quot;:\\&quot;https://api.github.com/repos/aagu/OS01/git/commits{/sha}\\&quot;,\\&quot;comments_url\\&quot;:\\&quot;https://api.github.com/repos/aagu/OS01/comments{/number}\\&quot;,\\&quot;issue_comment_url\\&quot;:\\&quot;https://api.github.com/repos/aagu/OS01/issues/comments{/number}\\&quot;,\\&quot;contents_url\\&quot;:\\&quot;https://api.github.com/repos/aagu/OS01/contents/{+path}\\&quot;,\\&quot;compare_url\\&quot;:\\&quot;https://api.github.com/repos/aagu/OS01/compare/{base}...{head}\\&quot;,\\&quot;merges_url\\&quot;:\\&quot;https://api.github.com/repos/aagu/OS01/merges\\&quot;,\\&quot;archive_url\\&quot;:\\&quot;https://api.github.com/repos/aagu/OS01/{archive_format}{/ref}\\&quot;,\\&quot;downloads_url\\&quot;:\\&quot;https://api.github.com/repos/aagu/OS01/downloads\\&quot;,\\&quot;issues_url\\&quot;:\\&quot;https://api.github.com/repos/aagu/OS01/issues{/number}\\&quot;,\\&quot;pulls_url\\&quot;:\\&quot;https://api.github.com/repos/aagu/OS01/pulls{/number}\\&quot;,\\&quot;milestones_url\\&quot;:\\&quot;https://api.github.com/repos/aagu/OS01/milestones{/number}\\&quot;,\\&quot;notifications_url\\&quot;:\\&quot;https://api.github.com/repos/aagu/OS01/notifications{?since,all,participating}\\&quot;,\\&quot;labels_url\\&quot;:\\&quot;https://api.github.com/repos/aagu/OS01/labels{/name}\\&quot;,\\&quot;releases_url\\&quot;:\\&quot;https://api.github.com/repos/aagu/OS01/releases{/id}\\&quot;,\\&quot;deployments_url\\&quot;:\\&quot;https://api.github.com/repos/aagu/OS01/deployments\\&quot;,\\&quot;created_at\\&quot;:\\&quot;2018-12-13T07:48:15Z\\&quot;,\\&quot;updated_at\\&quot;:\\&quot;2018-12-19T13:48:47Z\\&quot;,\\&quot;pushed_at\\&quot;:\\&quot;2018-12-19T13:48:46Z\\&quot;,\\&quot;git_url\\&quot;:\\&quot;git://github.com/aagu/OS01.git\\&quot;,\\&quot;ssh_url\\&quot;:\\&quot;git@github.com:aagu/OS01.git\\&quot;,\\&quot;clone_url\\&quot;:\\&quot;https://github.com/aagu/OS01.git\\&quot;,\\&quot;svn_url\\&quot;:\\&quot;https://github.com/aagu/OS01\\&quot;,\\&quot;homepage\\&quot;:null,\\&quot;size\\&quot;:19,\\&quot;stargazers_count\\&quot;:1,\\&quot;watchers_count\\&quot;:1,\\&quot;language\\&quot;:\\&quot;Assembly\\&quot;,\\&quot;has_issues\\&quot;:true,\\&quot;has_projects\\&quot;:true,\\&quot;has_downloads\\&quot;:true,\\&quot;has_wiki\\&quot;:true,\\&quot;has_pages\\&quot;:false,\\&quot;forks_count\\&quot;:1,\\&quot;mirror_url\\&quot;:null,\\&quot;archived\\&quot;:false,\\&quot;open_issues_count\\&quot;:0,\\&quot;license\\&quot;:null,\\&quot;forks\\&quot;:1,\\&quot;open_issues\\&quot;:0,\\&quot;watchers\\&quot;:1,\\&quot;default_branch\\&quot;:\\&quot;master\\&quot;}},\\&quot;base\\&quot;:{\\&quot;label\\&quot;:\\&quot;Bestcoderg:master\\&quot;,\\&quot;ref\\&quot;:\\&quot;master\\&quot;,\\&quot;sha\\&quot;:\\&quot;17dad0baa1cb4b50a8d0024ce2b698b55b878533\\&quot;,\\&quot;user\\&quot;:{\\&quot;login\\&quot;:\\&quot;Bestcoderg\\&quot;,\\&quot;id\\&quot;:32817764,\\&quot;node_id\\&quot;:\\&quot;MDQ6VXNlcjMyODE3NzY0\\&quot;,\\&quot;avatar_url\\&quot;:\\&quot;https://avatars0.githubusercontent.com/u/32817764?v=4\\&quot;,\\&quot;gravatar_id\\&quot;:\\&quot;\\&quot;,\\&quot;url\\&quot;:\\&quot;https://api.github.com/users/Bestcoderg\\&quot;,\\&quot;html_url\\&quot;:\\&quot;https://github.com/Bestcoderg\\&quot;,\\&quot;followers_url\\&quot;:\\&quot;https://api.github.com/users/Bestcoderg/followers\\&quot;,\\&quot;following_url\\&quot;:\\&quot;https://api.github.com/users/Bestcoderg/following{/other_user}\\&quot;,\\&quot;gists_url\\&quot;:\\&quot;https://api.github.com/users/Bestcoderg/gists{/gist_id}\\&quot;,\\&quot;starred_url\\&quot;:\\&quot;https://api.github.com/users/Bestcoderg/starred{/owner}{/repo}\\&quot;,\\&quot;subscriptions_url\\&quot;:\\&quot;https://api.github.com/users/Bestcoderg/subscriptions\\&quot;,\\&quot;organizations_url\\&quot;:\\&quot;https://api.github.com/users/Bestcoderg/orgs\\&quot;,\\&quot;repos_url\\&quot;:\\&quot;https://api.github.com/users/Bestcoderg/repos\\&quot;,\\&quot;events_url\\&quot;:\\&quot;https://api.github.com/users/Bestcoderg/events{/privacy}\\&quot;,\\&quot;received_events_url\\&quot;:\\&quot;https://api.github.com/users/Bestcoderg/received_events\\&quot;,\\&quot;type\\&quot;:\\&quot;User\\&quot;,\\&quot;site_admin\\&quot;:false},\\&quot;repo\\&quot;:{\\&quot;id\\&quot;:162088486,\\&quot;node_id\\&quot;:\\&quot;MDEwOlJlcG9zaXRvcnkxNjIwODg0ODY=\\&quot;,\\&quot;name\\&quot;:\\&quot;OS01\\&quot;,\\&quot;full_name\\&quot;:\\&quot;Bestcoderg/OS01\\&quot;,\\&quot;private\\&quot;:false,\\&quot;owner\\&quot;:{\\&quot;login\\&quot;:\\&quot;Bestcoderg\\&quot;,\\&quot;id\\&quot;:32817764,\\&quot;node_id\\&quot;:\\&quot;MDQ6VXNlcjMyODE3NzY0\\&quot;,\\&quot;avatar_url\\&quot;:\\&quot;https://avatars0.githubusercontent.com/u/32817764?v=4\\&quot;,\\&quot;gravatar_id\\&quot;:\\&quot;\\&quot;,\\&quot;url\\&quot;:\\&quot;https://api.github.com/users/Bestcoderg\\&quot;,\\&quot;html_url\\&quot;:\\&quot;https://github.com/Bestcoderg\\&quot;,\\&quot;followers_url\\&quot;:\\&quot;https://api.github.com/users/Bestcoderg/followers\\&quot;,\\&quot;following_url\\&quot;:\\&quot;https://api.github.com/users/Bestcoderg/following{/other_user}\\&quot;,\\&quot;gists_url\\&quot;:\\&quot;https://api.github.com/users/Bestcoderg/gists{/gist_id}\\&quot;,\\&quot;starred_url\\&quot;:\\&quot;https://api.github.com/users/Bestcoderg/starred{/owner}{/repo}\\&quot;,\\&quot;subscriptions_url\\&quot;:\\&quot;https://api.github.com/users/Bestcoderg/subscriptions\\&quot;,\\&quot;organizations_url\\&quot;:\\&quot;https://api.github.com/users/Bestcoderg/orgs\\&quot;,\\&quot;repos_url\\&quot;:\\&quot;https://api.github.com/users/Bestcoderg/repos\\&quot;,\\&quot;events_url\\&quot;:\\&quot;https://api.github.com/users/Bestcoderg/events{/privacy}\\&quot;,\\&quot;received_events_url\\&quot;:\\&quot;https://api.github.com/users/Bestcoderg/received_events\\&quot;,\\&quot;type\\&quot;:\\&quot;User\\&quot;,\\&quot;site_admin\\&quot;:false},\\&quot;html_url\\&quot;:\\&quot;https://github.com/Bestcoderg/OS01\\&quot;,\\&quot;description\\&quot;:null,\\&quot;fork\\&quot;:true,\\&quot;url\\&quot;:\\&quot;https://api.github.com/repos/Bestcoderg/OS01\\&quot;,\\&quot;forks_url\\&quot;:\\&quot;https://api.github.com/repos/Bestcoderg/OS01/forks\\&quot;,\\&quot;keys_url\\&quot;:\\&quot;https://api.github.com/repos/Bestcoderg/OS01/keys{/key_id}\\&quot;,\\&quot;collaborators_url\\&quot;:\\&quot;https://api.github.com/repos/Bestcoderg/OS01/collaborators{/collaborator}\\&quot;,\\&quot;teams_url\\&quot;:\\&quot;https://api.github.com/repos/Bestcoderg/OS01/teams\\&quot;,\\&quot;hooks_url\\&quot;:\\&quot;https://api.github.com/repos/Bestcoderg/OS01/hooks\\&quot;,\\&quot;issue_events_url\\&quot;:\\&quot;https://api.github.com/repos/Bestcoderg/OS01/issues/events{/number}\\&quot;,\\&quot;events_url\\&quot;:\\&quot;https://api.github.com/repos/Bestcoderg/OS01/events\\&quot;,\\&quot;assignees_url\\&quot;:\\&quot;https://api.github.com/repos/Bestcoderg/OS01/assignees{/user}\\&quot;,\\&quot;branches_url\\&quot;:\\&quot;https://api.github.com/repos/Bestcoderg/OS01/branches{/branch}\\&quot;,\\&quot;tags_url\\&quot;:\\&quot;https://api.github.com/repos/Bestcoderg/OS01/tags\\&quot;,\\&quot;blobs_url\\&quot;:\\&quot;https://api.github.com/repos/Bestcoderg/OS01/git/blobs{/sha}\\&quot;,\\&quot;git_tags_url\\&quot;:\\&quot;https://api.github.com/repos/Bestcoderg/OS01/git/tags{/sha}\\&quot;,\\&quot;git_refs_url\\&quot;:\\&quot;https://api.github.com/repos/Bestcoderg/OS01/git/refs{/sha}\\&quot;,\\&quot;trees_url\\&quot;:\\&quot;https://api.github.com/repos/Bestcoderg/OS01/git/trees{/sha}\\&quot;,\\&quot;statuses_url\\&quot;:\\&quot;https://api.github.com/repos/Bestcoderg/OS01/statuses/{sha}\\&quot;,\\&quot;languages_url\\&quot;:\\&quot;https://api.github.com/repos/Bestcoderg/OS01/languages\\&quot;,\\&quot;stargazers_url\\&quot;:\\&quot;https://api.github.com/repos/Bestcoderg/OS01/stargazers\\&quot;,\\&quot;contributors_url\\&quot;:\\&quot;https://api.github.com/repos/Bestcoderg/OS01/contributors\\&quot;,\\&quot;subscribers_url\\&quot;:\\&quot;https://api.github.com/repos/Bestcoderg/OS01/subscribers\\&quot;,\\&quot;subscription_url\\&quot;:\\&quot;https://api.github.com/repos/Bestcoderg/OS01/subscription\\&quot;,\\&quot;commits_url\\&quot;:\\&quot;https://api.github.com/repos/Bestcoderg/OS01/commits{/sha}\\&quot;,\\&quot;git_commits_url\\&quot;:\\&quot;https://api.github.com/repos/Bestcoderg/OS01/git/commits{/sha}\\&quot;,\\&quot;comments_url\\&quot;:\\&quot;https://api.github.com/repos/Bestcoderg/OS01/comments{/number}\\&quot;,\\&quot;issue_comment_url\\&quot;:\\&quot;https://api.github.com/repos/Bestcoderg/OS01/issues/comments{/number}\\&quot;,\\&quot;contents_url\\&quot;:\\&quot;https://api.github.com/repos/Bestcoderg/OS01/contents/{+path}\\&quot;,\\&quot;compare_url\\&quot;:\\&quot;https://api.github.com/repos/Bestcoderg/OS01/compare/{base}...{head}\\&quot;,\\&quot;merges_url\\&quot;:\\&quot;https://api.github.com/repos/Bestcoderg/OS01/merges\\&quot;,\\&quot;archive_url\\&quot;:\\&quot;https://api.github.com/repos/Bestcoderg/OS01/{archive_format}{/ref}\\&quot;,\\&quot;downloads_url\\&quot;:\\&quot;https://api.github.com/repos/Bestcoderg/OS01/downloads\\&quot;,\\&quot;issues_url\\&quot;:\\&quot;https://api.github.com/repos/Bestcoderg/OS01/issues{/number}\\&quot;,\\&quot;pulls_url\\&quot;:\\&quot;https://api.github.com/repos/Bestcoderg/OS01/pulls{/number}\\&quot;,\\&quot;milestones_url\\&quot;:\\&quot;https://api.github.com/repos/Bestcoderg/OS01/milestones{/number}\\&quot;,\\&quot;notifications_url\\&quot;:\\&quot;https://api.github.com/repos/Bestcoderg/OS01/notifications{?since,all,participating}\\&quot;,\\&quot;labels_url\\&quot;:\\&quot;https://api.github.com/repos/Bestcoderg/OS01/labels{/name}\\&quot;,\\&quot;releases_url\\&quot;:\\&quot;https://api.github.com/repos/Bestcoderg/OS01/releases{/id}\\&quot;,\\&quot;deployments_url\\&quot;:\\&quot;https://api.github.com/repos/Bestcoderg/OS01/deployments\\&quot;,\\&quot;created_at\\&quot;:\\&quot;2018-12-17T07:03:45Z\\&quot;,\\&quot;updated_at\\&quot;:\\&quot;2018-12-17T07:03:48Z\\&quot;,\\&quot;pushed_at\\&quot;:\\&quot;2018-12-19T15:28:54Z\\&quot;,\\&quot;git_url\\&quot;:\\&quot;git://github.com/Bestcoderg/OS01.git\\&quot;,\\&quot;ssh_url\\&quot;:\\&quot;git@github.com:Bestcoderg/OS01.git\\&quot;,\\&quot;clone_url\\&quot;:\\&quot;https://github.com/Bestcoderg/OS01.git\\&quot;,\\&quot;svn_url\\&quot;:\\&quot;https://github.com/Bestcoderg/OS01\\&quot;,\\&quot;homepage\\&quot;:null,\\&quot;size\\&quot;:9,\\&quot;stargazers_count\\&quot;:0,\\&quot;watchers_count\\&quot;:0,\\&quot;language\\&quot;:\\&quot;Assembly\\&quot;,\\&quot;has_issues\\&quot;:false,\\&quot;has_projects\\&quot;:true,\\&quot;has_downloads\\&quot;:true,\\&quot;has_wiki\\&quot;:true,\\&quot;has_pages\\&quot;:false,\\&quot;forks_count\\&quot;:0,\\&quot;mirror_url\\&quot;:null,\\&quot;archived\\&quot;:false,\\&quot;open_issues_count\\&quot;:0,\\&quot;license\\&quot;:null,\\&quot;forks\\&quot;:0,\\&quot;open_issues\\&quot;:0,\\&quot;watchers\\&quot;:0,\\&quot;default_branch\\&quot;:\\&quot;master\\&quot;}},\\&quot;_links\\&quot;:{\\&quot;self\\&quot;:{\\&quot;href\\&quot;:\\&quot;https://api.github.com/repos/Bestcoderg/OS01/pulls/1\\&quot;},\\&quot;html\\&quot;:{\\&quot;href\\&quot;:\\&quot;https://github.com/Bestcoderg/OS01/pull/1\\&quot;},\\&quot;issue\\&quot;:{\\&quot;href\\&quot;:\\&quot;https://api.github.com/repos/Bestcoderg/OS01/issues/1\\&quot;},\\&quot;comments\\&quot;:{\\&quot;href\\&quot;:\\&quot;https://api.github.com/repos/Bestcoderg/OS01/issues/1/comments\\&quot;},\\&quot;review_comments\\&quot;:{\\&quot;href\\&quot;:\\&quot;https://api.github.com/repos/Bestcoderg/OS01/pulls/1/comments\\&quot;},\\&quot;review_comment\\&quot;:{\\&quot;href\\&quot;:\\&quot;https://api.github.com/repos/Bestcoderg/OS01/pulls/comments{/number}\\&quot;},\\&quot;commits\\&quot;:{\\&quot;href\\&quot;:\\&quot;https://api.github.com/repos/Bestcoderg/OS01/pulls/1/commits\\&quot;},\\&quot;statuses\\&quot;:{\\&quot;href\\&quot;:\\&quot;https://api.github.com/repos/Bestcoderg/OS01/statuses/d38ea9cf532ab7b4df7e442952f1ddd43dad57e2\\&quot;}},\\&quot;author_association\\&quot;:\\&quot;OWNER\\&quot;,\\&quot;merged\\&quot;:true,\\&quot;mergeable\\&quot;:null,\\&quot;rebaseable\\&quot;:null,\\&quot;mergeable_state\\&quot;:\\&quot;unknown\\&quot;,\\&quot;merged_by\\&quot;:{\\&quot;login\\&quot;:\\&quot;Bestcoderg\\&quot;,\\&quot;id\\&quot;:32817764,\\&quot;node_id\\&quot;:\\&quot;MDQ6VXNlcjMyODE3NzY0\\&quot;,\\&quot;avatar_url\\&quot;:\\&quot;https://avatars0.githubusercontent.com/u/32817764?v=4\\&quot;,\\&quot;gravatar_id\\&quot;:\\&quot;\\&quot;,\\&quot;url\\&quot;:\\&quot;https://api.github.com/users/Bestcoderg\\&quot;,\\&quot;html_url\\&quot;:\\&quot;https://github.com/Bestcoderg\\&quot;,\\&quot;followers_url\\&quot;:\\&quot;https://api.github.com/users/Bestcoderg/followers\\&quot;,\\&quot;following_url\\&quot;:\\&quot;https://api.github.com/users/Bestcoderg/following{/other_user}\\&quot;,\\&quot;gists_url\\&quot;:\\&quot;https://api.github.com/users/Bestcoderg/gists{/gist_id}\\&quot;,\\&quot;starred_url\\&quot;:\\&quot;https://api.github.com/users/Bestcoderg/starred{/owner}{/repo}\\&quot;,\\&quot;subscriptions_url\\&quot;:\\&quot;https://api.github.com/users/Bestcoderg/subscriptions\\&quot;,\\&quot;organizations_url\\&quot;:\\&quot;https://api.github.com/users/Bestcoderg/orgs\\&quot;,\\&quot;repos_url\\&quot;:\\&quot;https://api.github.com/users/Bestcoderg/repos\\&quot;,\\&quot;events_url\\&quot;:\\&quot;https://api.github.com/users/Bestcoderg/events{/privacy}\\&quot;,\\&quot;received_events_url\\&quot;:\\&quot;https://api.github.com/users/Bestcoderg/received_events\\&quot;,\\&quot;type\\&quot;:\\&quot;User\\&quot;,\\&quot;site_admin\\&quot;:false},\\&quot;comments\\&quot;:0,\\&quot;review_comments\\&quot;:0,\\&quot;maintainer_can_modify\\&quot;:false,\\&quot;commits\\&quot;:7,\\&quot;additions\\&quot;:339,\\&quot;deletions\\&quot;:199,\\&quot;changed_files\\&quot;:12}},\\&quot;public\\&quot;:true,\\&quot;created_at\\&quot;:\\&quot;2018-12-19T15:28:55Z\\&quot;},{\\&quot;id\\&quot;:\\&quot;8779709069\\&quot;,\\&quot;type\\&quot;:\\&quot;CreateEvent\\&quot;,\\&quot;actor\\&quot;:{\\&quot;id\\&quot;:46000621,\\&quot;login\\&quot;:\\&quot;m4sterchief117\\&quot;,\\&quot;display_login\\&quot;:\\&quot;m4sterchief117\\&quot;,\\&quot;gravatar_id\\&quot;:\\&quot;\\&quot;,\\&quot;url\\&quot;:\\&quot;https://api.github.com/users/m4sterchief117\\&quot;,\\&quot;avatar_url\\&quot;:\\&quot;https://avatars.githubusercontent.com/u/46000621?\\&quot;},\\&quot;repo\\&quot;:{\\&quot;id\\&quot;:162456468,\\&quot;name\\&quot;:\\&quot;m4sterchief117/rty\\&quot;,\\&quot;url\\&quot;:\\&quot;https://api.github.com/repos/m4sterchief117/rty\\&quot;},\\&quot;payload\\&quot;:{\\&quot;ref\\&quot;:null,\\&quot;ref_type\\&quot;:\\&quot;repository\\&quot;,\\&quot;master_branch\\&quot;:\\&quot;master\\&quot;,\\&quot;description\\&quot;:\\&quot;,mk\\&quot;,\\&quot;pusher_type\\&quot;:\\&quot;user\\&quot;},\\&quot;public\\&quot;:true,\\&quot;created_at\\&quot;:\\&quot;2018-12-19T15:28:55Z\\&quot;},{\\&quot;id\\&quot;:\\&quot;8779709064\\&quot;,\\&quot;type\\&quot;:\\&quot;PushEvent\\&quot;,\\&quot;actor\\&quot;:{\\&quot;id\\&quot;:3043706,\\&quot;login\\&quot;:\\&quot;NicolasCARPi\\&quot;,\\&quot;display_login\\&quot;:\\&quot;NicolasCARPi\\&quot;,\\&quot;gravatar_id\\&quot;:\\&quot;\\&quot;,\\&quot;url\\&quot;:\\&quot;https://api.github.com/users/NicolasCARPi\\&quot;,\\&quot;avatar_url\\&quot;:\\&quot;https://avatars.githubusercontent.com/u/3043706?\\&quot;},\\&quot;repo\\&quot;:{\\&quot;id\\&quot;:7167597,\\&quot;name\\&quot;:\\&quot;elabftw/elabftw\\&quot;,\\&quot;url\\&quot;:\\&quot;https://api.github.com/repos/elabftw/elabftw\\&quot;},\\&quot;payload\\&quot;:{\\&quot;push_id\\&quot;:3151206219,\\&quot;size\\&quot;:1,\\&quot;distinct_size\\&quot;:1,\\&quot;ref\\&quot;:\\&quot;refs/heads/userlist\\&quot;,\\&quot;head\\&quot;:\\&quot;0835e63f15f780a86c6cd996584893a6037d6220\\&quot;,\\&quot;before\\&quot;:\\&quot;4890f5b8104c30bf6a274be0a25beec9a9538194\\&quot;,\\&quot;commits\\&quot;:[{\\&quot;sha\\&quot;:\\&quot;0835e63f15f780a86c6cd996584893a6037d6220\\&quot;,\\&quot;author\\&quot;:{\\&quot;email\\&quot;:\\&quot;nicolas.carpi@curie.fr\\&quot;,\\&quot;name\\&quot;:\\&quot;Nicolas CARPi\\&quot;},\\&quot;message\\&quot;:\\&quot;fix use\\&quot;,\\&quot;distinct\\&quot;:true,\\&quot;url\\&quot;:\\&quot;https://api.github.com/repos/elabftw/elabftw/commits/0835e63f15f780a86c6cd996584893a6037d6220\\&quot;}]},\\&quot;public\\&quot;:true,\\&quot;created_at\\&quot;:\\&quot;2018-12-19T15:28:55Z\\&quot;,\\&quot;org\\&quot;:{\\&quot;id\\&quot;:7669213,\\&quot;login\\&quot;:\\&quot;elabftw\\&quot;,\\&quot;gravatar_id\\&quot;:\\&quot;\\&quot;,\\&quot;url\\&quot;:\\&quot;https://api.github.com/orgs/elabftw\\&quot;,\\&quot;avatar_url\\&quot;:\\&quot;https://avatars.githubusercontent.com/u/7669213?\\&quot;}},{\\&quot;id\\&quot;:\\&quot;8779709063\\&quot;,\\&quot;type\\&quot;:\\&quot;PushEvent\\&quot;,\\&quot;actor\\&quot;:{\\&quot;id\\&quot;:15192234,\\&quot;login\\&quot;:\\&quot;MichaMans\\&quot;,\\&quot;display_login\\&quot;:\\&quot;MichaMans\\&quot;,\\&quot;gravatar_id\\&quot;:\\&quot;\\&quot;,\\&quot;url\\&quot;:\\&quot;https://api.github.com/users/MichaMans\\&quot;,\\&quot;avatar_url\\&quot;:\\&quot;https://avatars.githubusercontent.com/u/15192234?\\&quot;},\\&quot;repo\\&quot;:{\\&quot;id\\&quot;:44748744,\\&quot;name\\&quot;:\\&quot;RWTH-EBC/TEASER\\&quot;,\\&quot;url\\&quot;:\\&quot;https://api.github.com/repos/RWTH-EBC/TEASER\\&quot;},\\&quot;payload\\&quot;:{\\&quot;push_id\\&quot;:3151206218,\\&quot;size\\&quot;:1,\\&quot;distinct_size\\&quot;:1,\\&quot;ref\\&quot;:\\&quot;refs/heads/issue557_occupancy_profiles\\&quot;,\\&quot;head\\&quot;:\\&quot;718bb4b5c633db203107dd110c4fcb1f9e1b02af\\&quot;,\\&quot;before\\&quot;:\\&quot;8b9408657a072ed301163d7cf73573c025140d6f\\&quot;,\\&quot;commits\\&quot;:[{\\&quot;sha\\&quot;:\\&quot;718bb4b5c633db203107dd110c4fcb1f9e1b02af\\&quot;,\\&quot;author\\&quot;:{\\&quot;email\\&quot;:\\&quot;michael.mans@hotmail.com\\&quot;,\\&quot;name\\&quot;:\\&quot;MichaMans\\&quot;},\\&quot;message\\&quot;:\\&quot;#557 raised version number because of bugfix\\&quot;,\\&quot;distinct\\&quot;:true,\\&quot;url\\&quot;:\\&quot;https://api.github.com/repos/RWTH-EBC/TEASER/commits/718bb4b5c633db203107dd110c4fcb1f9e1b02af\\&quot;}]},\\&quot;public\\&quot;:true,\\&quot;created_at\\&quot;:\\&quot;2018-12-19T15:28:55Z\\&quot;,\\&quot;org\\&quot;:{\\&quot;id\\&quot;:8121773,\\&quot;login\\&quot;:\\&quot;RWTH-EBC\\&quot;,\\&quot;gravatar_id\\&quot;:\\&quot;\\&quot;,\\&quot;url\\&quot;:\\&quot;https://api.github.com/orgs/RWTH-EBC\\&quot;,\\&quot;avatar_url\\&quot;:\\&quot;https://avatars.githubusercontent.com/u/8121773?\\&quot;}},{\\&quot;id\\&quot;:\\&quot;8779709051\\&quot;,\\&quot;type\\&quot;:\\&quot;PushEvent\\&quot;,\\&quot;actor\\&quot;:{\\&quot;id\\&quot;:6422176,\\&quot;login\\&quot;:\\&quot;cdrage\\&quot;,\\&quot;display_login\\&quot;:\\&quot;cdrage\\&quot;,\\&quot;gravatar_id\\&quot;:\\&quot;\\&quot;,\\&quot;url\\&quot;:\\&quot;https://api.github.com/users/cdrage\\&quot;,\\&quot;avatar_url\\&quot;:\\&quot;https://avatars.githubusercontent.com/u/6422176?\\&quot;},\\&quot;repo\\&quot;:{\\&quot;id\\&quot;:127193235,\\&quot;name\\&quot;:\\&quot;cdrage/k8sfiles\\&quot;,\\&quot;url\\&quot;:\\&quot;https://api.github.com/repos/cdrage/k8sfiles\\&quot;},\\&quot;payload\\&quot;:{\\&quot;push_id\\&quot;:3151206215,\\&quot;size\\&quot;:1,\\&quot;distinct_size\\&quot;:1,\\&quot;ref\\&quot;:\\&quot;refs/heads/master\\&quot;,\\&quot;head\\&quot;:\\&quot;68e8a29cd78e789b7ef1e814120e3d08f2e279a6\\&quot;,\\&quot;before\\&quot;:\\&quot;dccfa263260a4a21532d6cdebee7da0eebddb888\\&quot;,\\&quot;commits\\&quot;:[{\\&quot;sha\\&quot;:\\&quot;68e8a29cd78e789b7ef1e814120e3d08f2e279a6\\&quot;,\\&quot;author\\&quot;:{\\&quot;email\\&quot;:\\&quot;charlie@charliedrage.com\\&quot;,\\&quot;name\\&quot;:\\&quot;Charlie Drage\\&quot;},\\&quot;message\\&quot;:\\&quot;Update variables\\&quot;,\\&quot;distinct\\&quot;:true,\\&quot;url\\&quot;:\\&quot;https://api.github.com/repos/cdrage/k8sfiles/commits/68e8a29cd78e789b7ef1e814120e3d08f2e279a6\\&quot;}]},\\&quot;public\\&quot;:true,\\&quot;created_at\\&quot;:\\&quot;2018-12-19T15:28:54Z\\&quot;},{\\&quot;id\\&quot;:\\&quot;8779709055\\&quot;,\\&quot;type\\&quot;:\\&quot;CreateEvent\\&quot;,\\&quot;actor\\&quot;:{\\&quot;id\\&quot;:23210145,\\&quot;login\\&quot;:\\&quot;tlcodes\\&quot;,\\&quot;display_login\\&quot;:\\&quot;tlcodes\\&quot;,\\&quot;gravatar_id\\&quot;:\\&quot;\\&quot;,\\&quot;url\\&quot;:\\&quot;https://api.github.com/users/tlcodes\\&quot;,\\&quot;avatar_url\\&quot;:\\&quot;https://avatars.githubusercontent.com/u/23210145?\\&quot;},\\&quot;repo\\&quot;:{\\&quot;id\\&quot;:162454787,\\&quot;name\\&quot;:\\&quot;tlcodes/lumenu\\&quot;,\\&quot;url\\&quot;:\\&quot;https://api.github.com/repos/tlcodes/lumenu\\&quot;},\\&quot;payload\\&quot;:{\\&quot;ref\\&quot;:\\&quot;master\\&quot;,\\&quot;ref_type\\&quot;:\\&quot;branch\\&quot;,\\&quot;master_branch\\&quot;:\\&quot;master\\&quot;,\\&quot;description\\&quot;:\\&quot;Menu app\\&quot;,\\&quot;pusher_type\\&quot;:\\&quot;user\\&quot;},\\&quot;public\\&quot;:true,\\&quot;created_at\\&quot;:\\&quot;2018-12-19T15:28:54Z\\&quot;},{\\&quot;id\\&quot;:\\&quot;8779709042\\&quot;,\\&quot;type\\&quot;:\\&quot;PushEvent\\&quot;,\\&quot;actor\\&quot;:{\\&quot;id\\&quot;:16714149,\\&quot;login\\&quot;:\\&quot;LevonDem\\&quot;,\\&quot;display_login\\&quot;:\\&quot;LevonDem\\&quot;,\\&quot;gravatar_id\\&quot;:\\&quot;\\&quot;,\\&quot;url\\&quot;:\\&quot;https://api.github.com/users/LevonDem\\&quot;,\\&quot;avatar_url\\&quot;:\\&quot;https://avatars.githubusercontent.com/u/16714149?\\&quot;},\\&quot;repo\\&quot;:{\\&quot;id\\&quot;:156763967,\\&quot;name\\&quot;:\\&quot;hubentu/PAIRADISE\\&quot;,\\&quot;url\\&quot;:\\&quot;https://api.github.com/repos/hubentu/PAIRADISE\\&quot;},\\&quot;payload\\&quot;:{\\&quot;push_id\\&quot;:3151206211,\\&quot;size\\&quot;:1,\\&quot;distinct_size\\&quot;:1,\\&quot;ref\\&quot;:\\&quot;refs/heads/master\\&quot;,\\&quot;head\\&quot;:\\&quot;36eb6ec1849ec8ad0a7d5a07841db682208a58d5\\&quot;,\\&quot;before\\&quot;:\\&quot;077ea44944be8452c474a9bafd601e6cc1cfa20a\\&quot;,\\&quot;commits\\&quot;:[{\\&quot;sha\\&quot;:\\&quot;36eb6ec1849ec8ad0a7d5a07841db682208a58d5\\&quot;,\\&quot;author\\&quot;:{\\&quot;email\\&quot;:\\&quot;levondem@gmail.com\\&quot;,\\&quot;name\\&quot;:\\&quot;LevonDem\\&quot;},\\&quot;message\\&quot;:\\&quot;Add files via upload\\\\n\\\\nRelabeled some variables and fixed some typos.\\&quot;,\\&quot;distinct\\&quot;:true,\\&quot;url\\&quot;:\\&quot;https://api.github.com/repos/hubentu/PAIRADISE/commits/36eb6ec1849ec8ad0a7d5a07841db682208a58d5\\&quot;}]},\\&quot;public\\&quot;:true,\\&quot;created_at\\&quot;:\\&quot;2018-12-19T15:28:54Z\\&quot;},{\\&quot;id\\&quot;:\\&quot;8779709046\\&quot;,\\&quot;type\\&quot;:\\&quot;PullRequestEvent\\&quot;,\\&quot;actor\\&quot;:{\\&quot;id\\&quot;:20055202,\\&quot;login\\&quot;:\\&quot;arturoguedez\\&quot;,\\&quot;display_login\\&quot;:\\&quot;arturoguedez\\&quot;,\\&quot;gravatar_id\\&quot;:\\&quot;\\&quot;,\\&quot;url\\&quot;:\\&quot;https://api.github.com/users/arturoguedez\\&quot;,\\&quot;avatar_url\\&quot;:\\&quot;https://avatars.githubusercontent.com/u/20055202?\\&quot;},\\&quot;repo\\&quot;:{\\&quot;id\\&quot;:132834349,\\&quot;name\\&quot;:\\&quot;arturoguedez/business-angular\\&quot;,\\&quot;url\\&quot;:\\&quot;https://api.github.com/repos/arturoguedez/business-angular\\&quot;},\\&quot;payload\\&quot;:{\\&quot;action\\&quot;:\\&quot;opened\\&quot;,\\&quot;number\\&quot;:1,\\&quot;pull_request\\&quot;:{\\&quot;url\\&quot;:\\&quot;https://api.github.com/repos/arturoguedez/business-angular/pulls/1\\&quot;,\\&quot;id\\&quot;:239876081,\\&quot;node_id\\&quot;:\\&quot;MDExOlB1bGxSZXF1ZXN0MjM5ODc2MDgx\\&quot;,\\&quot;html_url\\&quot;:\\&quot;https://github.com/arturoguedez/business-angular/pull/1\\&quot;,\\&quot;diff_url\\&quot;:\\&quot;https://github.com/arturoguedez/business-angular/pull/1.diff\\&quot;,\\&quot;patch_url\\&quot;:\\&quot;https://github.com/arturoguedez/business-angular/pull/1.patch\\&quot;,\\&quot;issue_url\\&quot;:\\&quot;https://api.github.com/repos/arturoguedez/business-angular/issues/1\\&quot;,\\&quot;number\\&quot;:1,\\&quot;state\\&quot;:\\&quot;open\\&quot;,\\&quot;locked\\&quot;:false,\\&quot;title\\&quot;:\\&quot;Angular\\&quot;,\\&quot;user\\&quot;:{\\&quot;login\\&quot;:\\&quot;arturoguedez\\&quot;,\\&quot;id\\&quot;:20055202,\\&quot;node_id\\&quot;:\\&quot;MDQ6VXNlcjIwMDU1MjAy\\&quot;,\\&quot;avatar_url\\&quot;:\\&quot;https://avatars1.githubusercontent.com/u/20055202?v=4\\&quot;,\\&quot;gravatar_id\\&quot;:\\&quot;\\&quot;,\\&quot;url\\&quot;:\\&quot;https://api.github.com/users/arturoguedez\\&quot;,\\&quot;html_url\\&quot;:\\&quot;https://github.com/arturoguedez\\&quot;,\\&quot;followers_url\\&quot;:\\&quot;https://api.github.com/users/arturoguedez/followers\\&quot;,\\&quot;following_url\\&quot;:\\&quot;https://api.github.com/users/arturoguedez/following{/other_user}\\&quot;,\\&quot;gists_url\\&quot;:\\&quot;https://api.github.com/users/arturoguedez/gists{/gist_id}\\&quot;,\\&quot;starred_url\\&quot;:\\&quot;https://api.github.com/users/arturoguedez/starred{/owner}{/repo}\\&quot;,\\&quot;subscriptions_url\\&quot;:\\&quot;https://api.github.com/users/arturoguedez/subscriptions\\&quot;,\\&quot;organizations_url\\&quot;:\\&quot;https://api.github.com/users/arturoguedez/orgs\\&quot;,\\&quot;repos_url\\&quot;:\\&quot;https://api.github.com/users/arturoguedez/repos\\&quot;,\\&quot;events_url\\&quot;:\\&quot;https://api.github.com/users/arturoguedez/events{/privacy}\\&quot;,\\&quot;received_events_url\\&quot;:\\&quot;https://api.github.com/users/arturoguedez/received_events\\&quot;,\\&quot;type\\&quot;:\\&quot;User\\&quot;,\\&quot;site_admin\\&quot;:false},\\&quot;body\\&quot;:\\&quot;\\&quot;,\\&quot;created_at\\&quot;:\\&quot;2018-12-19T15:28:54Z\\&quot;,\\&quot;updated_at\\&quot;:\\&quot;2018-12-19T15:28:54Z\\&quot;,\\&quot;closed_at\\&quot;:null,\\&quot;merged_at\\&quot;:null,\\&quot;merge_commit_sha\\&quot;:null,\\&quot;assignee\\&quot;:null,\\&quot;assignees\\&quot;:[],\\&quot;requested_reviewers\\&quot;:[],\\&quot;requested_teams\\&quot;:[],\\&quot;labels\\&quot;:[],\\&quot;milestone\\&quot;:null,\\&quot;commits_url\\&quot;:\\&quot;https://api.github.com/repos/arturoguedez/business-angular/pulls/1/commits\\&quot;,\\&quot;review_comments_url\\&quot;:\\&quot;https://api.github.com/repos/arturoguedez/business-angular/pulls/1/comments\\&quot;,\\&quot;review_comment_url\\&quot;:\\&quot;https://api.github.com/repos/arturoguedez/business-angular/pulls/comments{/number}\\&quot;,\\&quot;comments_url\\&quot;:\\&quot;https://api.github.com/repos/arturoguedez/business-angular/issues/1/comments\\&quot;,\\&quot;statuses_url\\&quot;:\\&quot;https://api.github.com/repos/arturoguedez/business-angular/statuses/cdb7ce76cae754a68e72cf3328b74fe4013fb15c\\&quot;,\\&quot;head\\&quot;:{\\&quot;label\\&quot;:\\&quot;arturoguedez:angular\\&quot;,\\&quot;ref\\&quot;:\\&quot;angular\\&quot;,\\&quot;sha\\&quot;:\\&quot;cdb7ce76cae754a68e72cf3328b74fe4013fb15c\\&quot;,\\&quot;user\\&quot;:{\\&quot;login\\&quot;:\\&quot;arturoguedez\\&quot;,\\&quot;id\\&quot;:20055202,\\&quot;node_id\\&quot;:\\&quot;MDQ6VXNlcjIwMDU1MjAy\\&quot;,\\&quot;avatar_url\\&quot;:\\&quot;https://avatars1.githubusercontent.com/u/20055202?v=4\\&quot;,\\&quot;gravatar_id\\&quot;:\\&quot;\\&quot;,\\&quot;url\\&quot;:\\&quot;https://api.github.com/users/arturoguedez\\&quot;,\\&quot;html_url\\&quot;:\\&quot;https://github.com/arturoguedez\\&quot;,\\&quot;followers_url\\&quot;:\\&quot;https://api.github.com/users/arturoguedez/followers\\&quot;,\\&quot;following_url\\&quot;:\\&quot;https://api.github.com/users/arturoguedez/following{/other_user}\\&quot;,\\&quot;gists_url\\&quot;:\\&quot;https://api.github.com/users/arturoguedez/gists{/gist_id}\\&quot;,\\&quot;starred_url\\&quot;:\\&quot;https://api.github.com/users/arturoguedez/starred{/owner}{/repo}\\&quot;,\\&quot;subscriptions_url\\&quot;:\\&quot;https://api.github.com/users/arturoguedez/subscriptions\\&quot;,\\&quot;organizations_url\\&quot;:\\&quot;https://api.github.com/users/arturoguedez/orgs\\&quot;,\\&quot;repos_url\\&quot;:\\&quot;https://api.github.com/users/arturoguedez/repos\\&quot;,\\&quot;events_url\\&quot;:\\&quot;https://api.github.com/users/arturoguedez/events{/privacy}\\&quot;,\\&quot;received_events_url\\&quot;:\\&quot;https://api.github.com/users/arturoguedez/received_events\\&quot;,\\&quot;type\\&quot;:\\&quot;User\\&quot;,\\&quot;site_admin\\&quot;:false},\\&quot;repo\\&quot;:{\\&quot;id\\&quot;:132834349,\\&quot;node_id\\&quot;:\\&quot;MDEwOlJlcG9zaXRvcnkxMzI4MzQzNDk=\\&quot;,\\&quot;name\\&quot;:\\&quot;business-angular\\&quot;,\\&quot;full_name\\&quot;:\\&quot;arturoguedez/business-angular\\&quot;,\\&quot;private\\&quot;:false,\\&quot;owner\\&quot;:{\\&quot;login\\&quot;:\\&quot;arturoguedez\\&quot;,\\&quot;id\\&quot;:20055202,\\&quot;node_id\\&quot;:\\&quot;MDQ6VXNlcjIwMDU1MjAy\\&quot;,\\&quot;avatar_url\\&quot;:\\&quot;https://avatars1.githubusercontent.com/u/20055202?v=4\\&quot;,\\&quot;gravatar_id\\&quot;:\\&quot;\\&quot;,\\&quot;url\\&quot;:\\&quot;https://api.github.com/users/arturoguedez\\&quot;,\\&quot;html_url\\&quot;:\\&quot;https://github.com/arturoguedez\\&quot;,\\&quot;followers_url\\&quot;:\\&quot;https://api.github.com/users/arturoguedez/followers\\&quot;,\\&quot;following_url\\&quot;:\\&quot;https://api.github.com/users/arturoguedez/following{/other_user}\\&quot;,\\&quot;gists_url\\&quot;:\\&quot;https://api.github.com/users/arturoguedez/gists{/gist_id}\\&quot;,\\&quot;starred_url\\&quot;:\\&quot;https://api.github.com/users/arturoguedez/starred{/owner}{/repo}\\&quot;,\\&quot;subscriptions_url\\&quot;:\\&quot;https://api.github.com/users/arturoguedez/subscriptions\\&quot;,\\&quot;organizations_url\\&quot;:\\&quot;https://api.github.com/users/arturoguedez/orgs\\&quot;,\\&quot;repos_url\\&quot;:\\&quot;https://api.github.com/users/arturoguedez/repos\\&quot;,\\&quot;events_url\\&quot;:\\&quot;https://api.github.com/users/arturoguedez/events{/privacy}\\&quot;,\\&quot;received_events_url\\&quot;:\\&quot;https://api.github.com/users/arturoguedez/received_events\\&quot;,\\&quot;type\\&quot;:\\&quot;User\\&quot;,\\&quot;site_admin\\&quot;:false},\\&quot;html_url\\&quot;:\\&quot;https://github.com/arturoguedez/business-angular\\&quot;,\\&quot;description\\&quot;:null,\\&quot;fork\\&quot;:false,\\&quot;url\\&quot;:\\&quot;https://api.github.com/repos/arturoguedez/business-angular\\&quot;,\\&quot;forks_url\\&quot;:\\&quot;https://api.github.com/repos/arturoguedez/business-angular/forks\\&quot;,\\&quot;keys_url\\&quot;:\\&quot;https://api.github.com/repos/arturoguedez/business-angular/keys{/key_id}\\&quot;,\\&quot;collaborators_url\\&quot;:\\&quot;https://api.github.com/repos/arturoguedez/business-angular/collaborators{/collaborator}\\&quot;,\\&quot;teams_url\\&quot;:\\&quot;https://api.github.com/repos/arturoguedez/business-angular/teams\\&quot;,\\&quot;hooks_url\\&quot;:\\&quot;https://api.github.com/repos/arturoguedez/business-angular/hooks\\&quot;,\\&quot;issue_events_url\\&quot;:\\&quot;https://api.github.com/repos/arturoguedez/business-angular/issues/events{/number}\\&quot;,\\&quot;events_url\\&quot;:\\&quot;https://api.github.com/repos/arturoguedez/business-angular/events\\&quot;,\\&quot;assignees_url\\&quot;:\\&quot;https://api.github.com/repos/arturoguedez/business-angular/assignees{/user}\\&quot;,\\&quot;branches_url\\&quot;:\\&quot;https://api.github.com/repos/arturoguedez/business-angular/branches{/branch}\\&quot;,\\&quot;tags_url\\&quot;:\\&quot;https://api.github.com/repos/arturoguedez/business-angular/tags\\&quot;,\\&quot;blobs_url\\&quot;:\\&quot;https://api.github.com/repos/arturoguedez/business-angular/git/blobs{/sha}\\&quot;,\\&quot;git_tags_url\\&quot;:\\&quot;https://api.github.com/repos/arturoguedez/business-angular/git/tags{/sha}\\&quot;,\\&quot;git_refs_url\\&quot;:\\&quot;https://api.github.com/repos/arturoguedez/business-angular/git/refs{/sha}\\&quot;,\\&quot;trees_url\\&quot;:\\&quot;https://api.github.com/repos/arturoguedez/business-angular/git/trees{/sha}\\&quot;,\\&quot;statuses_url\\&quot;:\\&quot;https://api.github.com/repos/arturoguedez/business-angular/statuses/{sha}\\&quot;,\\&quot;languages_url\\&quot;:\\&quot;https://api.github.com/repos/arturoguedez/business-angular/languages\\&quot;,\\&quot;stargazers_url\\&quot;:\\&quot;https://api.github.com/repos/arturoguedez/business-angular/stargazers\\&quot;,\\&quot;contributors_url\\&quot;:\\&quot;https://api.github.com/repos/arturoguedez/business-angular/contributors\\&quot;,\\&quot;subscribers_url\\&quot;:\\&quot;https://api.github.com/repos/arturoguedez/business-angular/subscribers\\&quot;,\\&quot;subscription_url\\&quot;:\\&quot;https://api.github.com/repos/arturoguedez/business-angular/subscription\\&quot;,\\&quot;commits_url\\&quot;:\\&quot;https://api.github.com/repos/arturoguedez/business-angular/commits{/sha}\\&quot;,\\&quot;git_commits_url\\&quot;:\\&quot;https://api.github.com/repos/arturoguedez/business-angular/git/commits{/sha}\\&quot;,\\&quot;comments_url\\&quot;:\\&quot;https://api.github.com/repos/arturoguedez/business-angular/comments{/number}\\&quot;,\\&quot;issue_comment_url\\&quot;:\\&quot;https://api.github.com/repos/arturoguedez/business-angular/issues/comments{/number}\\&quot;,\\&quot;contents_url\\&quot;:\\&quot;https://api.github.com/repos/arturoguedez/business-angular/contents/{+path}\\&quot;,\\&quot;compare_url\\&quot;:\\&quot;https://api.github.com/repos/arturoguedez/business-angular/compare/{base}...{head}\\&quot;,\\&quot;merges_url\\&quot;:\\&quot;https://api.github.com/repos/arturoguedez/business-angular/merges\\&quot;,\\&quot;archive_url\\&quot;:\\&quot;https://api.github.com/repos/arturoguedez/business-angular/{archive_format}{/ref}\\&quot;,\\&quot;downloads_url\\&quot;:\\&quot;https://api.github.com/repos/arturoguedez/business-angular/downloads\\&quot;,\\&quot;issues_url\\&quot;:\\&quot;https://api.github.com/repos/arturoguedez/business-angular/issues{/number}\\&quot;,\\&quot;pulls_url\\&quot;:\\&quot;https://api.github.com/repos/arturoguedez/business-angular/pulls{/number}\\&quot;,\\&quot;milestones_url\\&quot;:\\&quot;https://api.github.com/repos/arturoguedez/business-angular/milestones{/number}\\&quot;,\\&quot;notifications_url\\&quot;:\\&quot;https://api.github.com/repos/arturoguedez/business-angular/notifications{?since,all,participating}\\&quot;,\\&quot;labels_url\\&quot;:\\&quot;https://api.github.com/repos/arturoguedez/business-angular/labels{/name}\\&quot;,\\&quot;releases_url\\&quot;:\\&quot;https://api.github.com/repos/arturoguedez/business-angular/releases{/id}\\&quot;,\\&quot;deployments_url\\&quot;:\\&quot;https://api.github.com/repos/arturoguedez/business-angular/deployments\\&quot;,\\&quot;created_at\\&quot;:\\&quot;2018-05-10T01:54:59Z\\&quot;,\\&quot;updated_at\\&quot;:\\&quot;2018-05-10T01:55:02Z\\&quot;,\\&quot;pushed_at\\&quot;:\\&quot;2018-12-19T15:24:29Z\\&quot;,\\&quot;git_url\\&quot;:\\&quot;git://github.com/arturoguedez/business-angular.git\\&quot;,\\&quot;ssh_url\\&quot;:\\&quot;git@github.com:arturoguedez/business-angular.git\\&quot;,\\&quot;clone_url\\&quot;:\\&quot;https://github.com/arturoguedez/business-angular.git\\&quot;,\\&quot;svn_url\\&quot;:\\&quot;https://github.com/arturoguedez/business-angular\\&quot;,\\&quot;homepage\\&quot;:null,\\&quot;size\\&quot;:371,\\&quot;stargazers_count\\&quot;:0,\\&quot;watchers_count\\&quot;:0,\\&quot;language\\&quot;:null,\\&quot;has_issues\\&quot;:true,\\&quot;has_projects\\&quot;:true,\\&quot;has_downloads\\&quot;:true,\\&quot;has_wiki\\&quot;:true,\\&quot;has_pages\\&quot;:false,\\&quot;forks_count\\&quot;:0,\\&quot;mirror_url\\&quot;:null,\\&quot;archived\\&quot;:false,\\&quot;open_issues_count\\&quot;:1,\\&quot;license\\&quot;:{\\&quot;key\\&quot;:\\&quot;mit\\&quot;,\\&quot;name\\&quot;:\\&quot;MIT License\\&quot;,\\&quot;spdx_id\\&quot;:\\&quot;MIT\\&quot;,\\&quot;url\\&quot;:\\&quot;https://api.github.com/licenses/mit\\&quot;,\\&quot;node_id\\&quot;:\\&quot;MDc6TGljZW5zZTEz\\&quot;},\\&quot;forks\\&quot;:0,\\&quot;open_issues\\&quot;:1,\\&quot;watchers\\&quot;:0,\\&quot;default_branch\\&quot;:\\&quot;master\\&quot;}},\\&quot;base\\&quot;:{\\&quot;label\\&quot;:\\&quot;arturoguedez:master\\&quot;,\\&quot;ref\\&quot;:\\&quot;master\\&quot;,\\&quot;sha\\&quot;:\\&quot;5654ec4036755de2908b493f35bdc883b1c706b5\\&quot;,\\&quot;user\\&quot;:{\\&quot;login\\&quot;:\\&quot;arturoguedez\\&quot;,\\&quot;id\\&quot;:20055202,\\&quot;node_id\\&quot;:\\&quot;MDQ6VXNlcjIwMDU1MjAy\\&quot;,\\&quot;avatar_url\\&quot;:\\&quot;https://avatars1.githubusercontent.com/u/20055202?v=4\\&quot;,\\&quot;gravatar_id\\&quot;:\\&quot;\\&quot;,\\&quot;url\\&quot;:\\&quot;https://api.github.com/users/arturoguedez\\&quot;,\\&quot;html_url\\&quot;:\\&quot;https://github.com/arturoguedez\\&quot;,\\&quot;followers_url\\&quot;:\\&quot;https://api.github.com/users/arturoguedez/followers\\&quot;,\\&quot;following_url\\&quot;:\\&quot;https://api.github.com/users/arturoguedez/following{/other_user}\\&quot;,\\&quot;gists_url\\&quot;:\\&quot;https://api.github.com/users/arturoguedez/gists{/gist_id}\\&quot;,\\&quot;starred_url\\&quot;:\\&quot;https://api.github.com/users/arturoguedez/starred{/owner}{/repo}\\&quot;,\\&quot;subscriptions_url\\&quot;:\\&quot;https://api.github.com/users/arturoguedez/subscriptions\\&quot;,\\&quot;organizations_url\\&quot;:\\&quot;https://api.github.com/users/arturoguedez/orgs\\&quot;,\\&quot;repos_url\\&quot;:\\&quot;https://api.github.com/users/arturoguedez/repos\\&quot;,\\&quot;events_url\\&quot;:\\&quot;https://api.github.com/users/arturoguedez/events{/privacy}\\&quot;,\\&quot;received_events_url\\&quot;:\\&quot;https://api.github.com/users/arturoguedez/received_events\\&quot;,\\&quot;type\\&quot;:\\&quot;User\\&quot;,\\&quot;site_admin\\&quot;:false},\\&quot;repo\\&quot;:{\\&quot;id\\&quot;:132834349,\\&quot;node_id\\&quot;:\\&quot;MDEwOlJlcG9zaXRvcnkxMzI4MzQzNDk=\\&quot;,\\&quot;name\\&quot;:\\&quot;business-angular\\&quot;,\\&quot;full_name\\&quot;:\\&quot;arturoguedez/business-angular\\&quot;,\\&quot;private\\&quot;:false,\\&quot;owner\\&quot;:{\\&quot;login\\&quot;:\\&quot;arturoguedez\\&quot;,\\&quot;id\\&quot;:20055202,\\&quot;node_id\\&quot;:\\&quot;MDQ6VXNlcjIwMDU1MjAy\\&quot;,\\&quot;avatar_url\\&quot;:\\&quot;https://avatars1.githubusercontent.com/u/20055202?v=4\\&quot;,\\&quot;gravatar_id\\&quot;:\\&quot;\\&quot;,\\&quot;url\\&quot;:\\&quot;https://api.github.com/users/arturoguedez\\&quot;,\\&quot;html_url\\&quot;:\\&quot;https://github.com/arturoguedez\\&quot;,\\&quot;followers_url\\&quot;:\\&quot;https://api.github.com/users/arturoguedez/followers\\&quot;,\\&quot;following_url\\&quot;:\\&quot;https://api.github.com/users/arturoguedez/following{/other_user}\\&quot;,\\&quot;gists_url\\&quot;:\\&quot;https://api.github.com/users/arturoguedez/gists{/gist_id}\\&quot;,\\&quot;starred_url\\&quot;:\\&quot;https://api.github.com/users/arturoguedez/starred{/owner}{/repo}\\&quot;,\\&quot;subscriptions_url\\&quot;:\\&quot;https://api.github.com/users/arturoguedez/subscriptions\\&quot;,\\&quot;organizations_url\\&quot;:\\&quot;https://api.github.com/users/arturoguedez/orgs\\&quot;,\\&quot;repos_url\\&quot;:\\&quot;https://api.github.com/users/arturoguedez/repos\\&quot;,\\&quot;events_url\\&quot;:\\&quot;https://api.github.com/users/arturoguedez/events{/privacy}\\&quot;,\\&quot;received_events_url\\&quot;:\\&quot;https://api.github.com/users/arturoguedez/received_events\\&quot;,\\&quot;type\\&quot;:\\&quot;User\\&quot;,\\&quot;site_admin\\&quot;:false},\\&quot;html_url\\&quot;:\\&quot;https://github.com/arturoguedez/business-angular\\&quot;,\\&quot;description\\&quot;:null,\\&quot;fork\\&quot;:false,\\&quot;url\\&quot;:\\&quot;https://api.github.com/repos/arturoguedez/business-angular\\&quot;,\\&quot;forks_url\\&quot;:\\&quot;https://api.github.com/repos/arturoguedez/business-angular/forks\\&quot;,\\&quot;keys_url\\&quot;:\\&quot;https://api.github.com/repos/arturoguedez/business-angular/keys{/key_id}\\&quot;,\\&quot;collaborators_url\\&quot;:\\&quot;https://api.github.com/repos/arturoguedez/business-angular/collaborators{/collaborator}\\&quot;,\\&quot;teams_url\\&quot;:\\&quot;https://api.github.com/repos/arturoguedez/business-angular/teams\\&quot;,\\&quot;hooks_url\\&quot;:\\&quot;https://api.github.com/repos/arturoguedez/business-angular/hooks\\&quot;,\\&quot;issue_events_url\\&quot;:\\&quot;https://api.github.com/repos/arturoguedez/business-angular/issues/events{/number}\\&quot;,\\&quot;events_url\\&quot;:\\&quot;https://api.github.com/repos/arturoguedez/business-angular/events\\&quot;,\\&quot;assignees_url\\&quot;:\\&quot;https://api.github.com/repos/arturoguedez/business-angular/assignees{/user}\\&quot;,\\&quot;branches_url\\&quot;:\\&quot;https://api.github.com/repos/arturoguedez/business-angular/branches{/branch}\\&quot;,\\&quot;tags_url\\&quot;:\\&quot;https://api.github.com/repos/arturoguedez/business-angular/tags\\&quot;,\\&quot;blobs_url\\&quot;:\\&quot;https://api.github.com/repos/arturoguedez/business-angular/git/blobs{/sha}\\&quot;,\\&quot;git_tags_url\\&quot;:\\&quot;https://api.github.com/repos/arturoguedez/business-angular/git/tags{/sha}\\&quot;,\\&quot;git_refs_url\\&quot;:\\&quot;https://api.github.com/repos/arturoguedez/business-angular/git/refs{/sha}\\&quot;,\\&quot;trees_url\\&quot;:\\&quot;https://api.github.com/repos/arturoguedez/business-angular/git/trees{/sha}\\&quot;,\\&quot;statuses_url\\&quot;:\\&quot;https://api.github.com/repos/arturoguedez/business-angular/statuses/{sha}\\&quot;,\\&quot;languages_url\\&quot;:\\&quot;https://api.github.com/repos/arturoguedez/business-angular/languages\\&quot;,\\&quot;stargazers_url\\&quot;:\\&quot;https://api.github.com/repos/arturoguedez/business-angular/stargazers\\&quot;,\\&quot;contributors_url\\&quot;:\\&quot;https://api.github.com/repos/arturoguedez/business-angular/contributors\\&quot;,\\&quot;subscribers_url\\&quot;:\\&quot;https://api.github.com/repos/arturoguedez/business-angular/subscribers\\&quot;,\\&quot;subscription_url\\&quot;:\\&quot;https://api.github.com/repos/arturoguedez/business-angular/subscription\\&quot;,\\&quot;commits_url\\&quot;:\\&quot;https://api.github.com/repos/arturoguedez/business-angular/commits{/sha}\\&quot;,\\&quot;git_commits_url\\&quot;:\\&quot;https://api.github.com/repos/arturoguedez/business-angular/git/commits{/sha}\\&quot;,\\&quot;comments_url\\&quot;:\\&quot;https://api.github.com/repos/arturoguedez/business-angular/comments{/number}\\&quot;,\\&quot;issue_comment_url\\&quot;:\\&quot;https://api.github.com/repos/arturoguedez/business-angular/issues/comments{/number}\\&quot;,\\&quot;contents_url\\&quot;:\\&quot;https://api.github.com/repos/arturoguedez/business-angular/contents/{+path}\\&quot;,\\&quot;compare_url\\&quot;:\\&quot;https://api.github.com/repos/arturoguedez/business-angular/compare/{base}...{head}\\&quot;,\\&quot;merges_url\\&quot;:\\&quot;https://api.github.com/repos/arturoguedez/business-angular/merges\\&quot;,\\&quot;archive_url\\&quot;:\\&quot;https://api.github.com/repos/arturoguedez/business-angular/{archive_format}{/ref}\\&quot;,\\&quot;downloads_url\\&quot;:\\&quot;https://api.github.com/repos/arturoguedez/business-angular/downloads\\&quot;,\\&quot;issues_url\\&quot;:\\&quot;https://api.github.com/repos/arturoguedez/business-angular/issues{/number}\\&quot;,\\&quot;pulls_url\\&quot;:\\&quot;https://api.github.com/repos/arturoguedez/business-angular/pulls{/number}\\&quot;,\\&quot;milestones_url\\&quot;:\\&quot;https://api.github.com/repos/arturoguedez/business-angular/milestones{/number}\\&quot;,\\&quot;notifications_url\\&quot;:\\&quot;https://api.github.com/repos/arturoguedez/business-angular/notifications{?since,all,participating}\\&quot;,\\&quot;labels_url\\&quot;:\\&quot;https://api.github.com/repos/arturoguedez/business-angular/labels{/name}\\&quot;,\\&quot;releases_url\\&quot;:\\&quot;https://api.github.com/repos/arturoguedez/business-angular/releases{/id}\\&quot;,\\&quot;deployments_url\\&quot;:\\&quot;https://api.github.com/repos/arturoguedez/business-angular/deployments\\&quot;,\\&quot;created_at\\&quot;:\\&quot;2018-05-10T01:54:59Z\\&quot;,\\&quot;updated_at\\&quot;:\\&quot;2018-05-10T01:55:02Z\\&quot;,\\&quot;pushed_at\\&quot;:\\&quot;2018-12-19T15:24:29Z\\&quot;,\\&quot;git_url\\&quot;:\\&quot;git://github.com/arturoguedez/business-angular.git\\&quot;,\\&quot;ssh_url\\&quot;:\\&quot;git@github.com:arturoguedez/business-angular.git\\&quot;,\\&quot;clone_url\\&quot;:\\&quot;https://github.com/arturoguedez/business-angular.git\\&quot;,\\&quot;svn_url\\&quot;:\\&quot;https://github.com/arturoguedez/business-angular\\&quot;,\\&quot;homepage\\&quot;:null,\\&quot;size\\&quot;:371,\\&quot;stargazers_count\\&quot;:0,\\&quot;watchers_count\\&quot;:0,\\&quot;language\\&quot;:null,\\&quot;has_issues\\&quot;:true,\\&quot;has_projects\\&quot;:true,\\&quot;has_downloads\\&quot;:true,\\&quot;has_wiki\\&quot;:true,\\&quot;has_pages\\&quot;:false,\\&quot;forks_count\\&quot;:0,\\&quot;mirror_url\\&quot;:null,\\&quot;archived\\&quot;:false,\\&quot;open_issues_count\\&quot;:1,\\&quot;license\\&quot;:{\\&quot;key\\&quot;:\\&quot;mit\\&quot;,\\&quot;name\\&quot;:\\&quot;MIT License\\&quot;,\\&quot;spdx_id\\&quot;:\\&quot;MIT\\&quot;,\\&quot;url\\&quot;:\\&quot;https://api.github.com/licenses/mit\\&quot;,\\&quot;node_id\\&quot;:\\&quot;MDc6TGljZW5zZTEz\\&quot;},\\&quot;forks\\&quot;:0,\\&quot;open_issues\\&quot;:1,\\&quot;watchers\\&quot;:0,\\&quot;default_branch\\&quot;:\\&quot;master\\&quot;}},\\&quot;_links\\&quot;:{\\&quot;self\\&quot;:{\\&quot;href\\&quot;:\\&quot;https://api.github.com/repos/arturoguedez/business-angular/pulls/1\\&quot;},\\&quot;html\\&quot;:{\\&quot;href\\&quot;:\\&quot;https://github.com/arturoguedez/business-angular/pull/1\\&quot;},\\&quot;issue\\&quot;:{\\&quot;href\\&quot;:\\&quot;https://api.github.com/repos/arturoguedez/business-angular/issues/1\\&quot;},\\&quot;comments\\&quot;:{\\&quot;href\\&quot;:\\&quot;https://api.github.com/repos/arturoguedez/business-angular/issues/1/comments\\&quot;},\\&quot;review_comments\\&quot;:{\\&quot;href\\&quot;:\\&quot;https://api.github.com/repos/arturoguedez/business-angular/pulls/1/comments\\&quot;},\\&quot;review_comment\\&quot;:{\\&quot;href\\&quot;:\\&quot;https://api.github.com/repos/arturoguedez/business-angular/pulls/comments{/number}\\&quot;},\\&quot;commits\\&quot;:{\\&quot;href\\&quot;:\\&quot;https://api.github.com/repos/arturoguedez/business-angular/pulls/1/commits\\&quot;},\\&quot;statuses\\&quot;:{\\&quot;href\\&quot;:\\&quot;https://api.github.com/repos/arturoguedez/business-angular/statuses/cdb7ce76cae754a68e72cf3328b74fe4013fb15c\\&quot;}},\\&quot;author_association\\&quot;:\\&quot;OWNER\\&quot;,\\&quot;merged\\&quot;:false,\\&quot;mergeable\\&quot;:null,\\&quot;rebaseable\\&quot;:null,\\&quot;mergeable_state\\&quot;:\\&quot;unknown\\&quot;,\\&quot;merged_by\\&quot;:null,\\&quot;comments\\&quot;:0,\\&quot;review_comments\\&quot;:0,\\&quot;maintainer_can_modify\\&quot;:false,\\&quot;commits\\&quot;:7,\\&quot;additions\\&quot;:34868,\\&quot;deletions\\&quot;:0,\\&quot;changed_files\\&quot;:156}},\\&quot;public\\&quot;:true,\\&quot;created_at\\&quot;:\\&quot;2018-12-19T15:28:54Z\\&quot;},{\\&quot;id\\&quot;:\\&quot;8779709035\\&quot;,\\&quot;type\\&quot;:\\&quot;PushEvent\\&quot;,\\&quot;actor\\&quot;:{\\&quot;id\\&quot;:17789441,\\&quot;login\\&quot;:\\&quot;mmuratarat\\&quot;,\\&quot;display_login\\&quot;:\\&quot;mmuratarat\\&quot;,\\&quot;gravatar_id\\&quot;:\\&quot;\\&quot;,\\&quot;url\\&quot;:\\&quot;https://api.github.com/users/mmuratarat\\&quot;,\\&quot;avatar_url\\&quot;:\\&quot;https://avatars.githubusercontent.com/u/17789441?\\&quot;},\\&quot;repo\\&quot;:{\\&quot;id\\&quot;:162050093,\\&quot;name\\&quot;:\\&quot;mmuratarat/mmuratarat.github.io\\&quot;,\\&quot;url\\&quot;:\\&quot;https://api.github.com/repos/mmuratarat/mmuratarat.github.io\\&quot;},\\&quot;payload\\&quot;:{\\&quot;push_id\\&quot;:3151206210,\\&quot;size\\&quot;:1,\\&quot;distinct_size\\&quot;:1,\\&quot;ref\\&quot;:\\&quot;refs/heads/master\\&quot;,\\&quot;head\\&quot;:\\&quot;e65a4d71e91fcef79cac1f270c45f73aba909de6\\&quot;,\\&quot;before\\&quot;:\\&quot;791d54db7e937141c0b9514b144325dab188139c\\&quot;,\\&quot;commits\\&quot;:[{\\&quot;sha\\&quot;:\\&quot;e65a4d71e91fcef79cac1f270c45f73aba909de6\\&quot;,\\&quot;author\\&quot;:{\\&quot;email\\&quot;:\\&quot;arat.murat@gmail.com\\&quot;,\\&quot;name\\&quot;:\\&quot;mmuratarat\\&quot;},\\&quot;message\\&quot;:\\&quot;Create 2018-12-20-tf-metrics-accuracy-auc.md\\&quot;,\\&quot;distinct\\&quot;:true,\\&quot;url\\&quot;:\\&quot;https://api.github.com/repos/mmuratarat/mmuratarat.github.io/commits/e65a4d71e91fcef79cac1f270c45f73aba909de6\\&quot;}]},\\&quot;public\\&quot;:true,\\&quot;created_at\\&quot;:\\&quot;2018-12-19T15:28:54Z\\&quot;},{\\&quot;id\\&quot;:\\&quot;8779709037\\&quot;,\\&quot;type\\&quot;:\\&quot;CreateEvent\\&quot;,\\&quot;actor\\&quot;:{\\&quot;id\\&quot;:46001758,\\&quot;login\\&quot;:\\&quot;agrybaus\\&quot;,\\&quot;display_login\\&quot;:\\&quot;agrybaus\\&quot;,\\&quot;gravatar_id\\&quot;:\\&quot;\\&quot;,\\&quot;url\\&quot;:\\&quot;https://api.github.com/users/agrybaus\\&quot;,\\&quot;avatar_url\\&quot;:\\&quot;https://avatars.githubusercontent.com/u/46001758?\\&quot;},\\&quot;repo\\&quot;:{\\&quot;id\\&quot;:162456467,\\&quot;name\\&quot;:\\&quot;agrybaus/First-Repository\\&quot;,\\&quot;url\\&quot;:\\&quot;https://api.github.com/repos/agrybaus/First-Repository\\&quot;},\\&quot;payload\\&quot;:{\\&quot;ref\\&quot;:null,\\&quot;ref_type\\&quot;:\\&quot;repository\\&quot;,\\&quot;master_branch\\&quot;:\\&quot;master\\&quot;,\\&quot;description\\&quot;:\\&quot;Initial Code Repository\\&quot;,\\&quot;pusher_type\\&quot;:\\&quot;user\\&quot;},\\&quot;public\\&quot;:true,\\&quot;created_at\\&quot;:\\&quot;2018-12-19T15:28:54Z\\&quot;},{\\&quot;id\\&quot;:\\&quot;8779709023\\&quot;,\\&quot;type\\&quot;:\\&quot;PushEvent\\&quot;,\\&quot;actor\\&quot;:{\\&quot;id\\&quot;:23415765,\\&quot;login\\&quot;:\\&quot;Balex3000\\&quot;,\\&quot;display_login\\&quot;:\\&quot;Balex3000\\&quot;,\\&quot;gravatar_id\\&quot;:\\&quot;\\&quot;,\\&quot;url\\&quot;:\\&quot;https://api.github.com/users/Balex3000\\&quot;,\\&quot;avatar_url\\&quot;:\\&quot;https://avatars.githubusercontent.com/u/23415765?\\&quot;},\\&quot;repo\\&quot;:{\\&quot;id\\&quot;:118925221,\\&quot;name\\&quot;:\\&quot;devopsloft/devopsloft\\&quot;,\\&quot;url\\&quot;:\\&quot;https://api.github.com/repos/devopsloft/devopsloft\\&quot;},\\&quot;payload\\&quot;:{\\&quot;push_id\\&quot;:3151206201,\\&quot;size\\&quot;:4,\\&quot;distinct_size\\&quot;:4,\\&quot;ref\\&quot;:\\&quot;refs/heads/master\\&quot;,\\&quot;head\\&quot;:\\&quot;e8c4350f97b078188f91b700a191d90fb2bdff31\\&quot;,\\&quot;before\\&quot;:\\&quot;cd060f7b9712314af885b1320893e30ea9aa4c59\\&quot;,\\&quot;commits\\&quot;:[{\\&quot;sha\\&quot;:\\&quot;222c715192ee4cbda7a7c47aa6c66010ddfdf833\\&quot;,\\&quot;author\\&quot;:{\\&quot;email\\&quot;:\\&quot;yishai5555@gmail.com\\&quot;,\\&quot;name\\&quot;:\\&quot;yishai\\&quot;},\\&quot;message\\&quot;:\\&quot;add .idea/ to ignore list\\&quot;,\\&quot;distinct\\&quot;:true,\\&quot;url\\&quot;:\\&quot;https://api.github.com/repos/devopsloft/devopsloft/commits/222c715192ee4cbda7a7c47aa6c66010ddfdf833\\&quot;},{\\&quot;sha\\&quot;:\\&quot;c08f2f6bac2020b37c0bb4513fd66c12eb761360\\&quot;,\\&quot;author\\&quot;:{\\&quot;email\\&quot;:\\&quot;yishai5555@gmail.com\\&quot;,\\&quot;name\\&quot;:\\&quot;yishai\\&quot;},\\&quot;message\\&quot;:\\&quot;Merge branch \'master\' of github.com:devopsloft/devopsloft\\&quot;,\\&quot;distinct\\&quot;:true,\\&quot;url\\&quot;:\\&quot;https://api.github.com/repos/devopsloft/devopsloft/commits/c08f2f6bac2020b37c0bb4513fd66c12eb761360\\&quot;},{\\&quot;sha\\&quot;:\\&quot;e8b96eafc054af30109a0880120cf44b5638f952\\&quot;,\\&quot;author\\&quot;:{\\&quot;email\\&quot;:\\&quot;yishai5555@gmail.com\\&quot;,\\&quot;name\\&quot;:\\&quot;yishai\\&quot;},\\&quot;message\\&quot;:\\&quot;add feature: get member status by email\\\\n\\\\na\\\\n\\\\na\\&quot;,\\&quot;distinct\\&quot;:true,\\&quot;url\\&quot;:\\&quot;https://api.github.com/repos/devopsloft/devopsloft/commits/e8b96eafc054af30109a0880120cf44b5638f952\\&quot;},{\\&quot;sha\\&quot;:\\&quot;e8c4350f97b078188f91b700a191d90fb2bdff31\\&quot;,\\&quot;author\\&quot;:{\\&quot;email\\&quot;:\\&quot;balex3000@hotmail.com\\&quot;,\\&quot;name\\&quot;:\\&quot;Balex3000\\&quot;},\\&quot;message\\&quot;:\\&quot;Merge pull request #95 from yishaiz/get_member_status\\\\n\\\\nGet member status\\&quot;,\\&quot;distinct\\&quot;:true,\\&quot;url\\&quot;:\\&quot;https://api.github.com/repos/devopsloft/devopsloft/commits/e8c4350f97b078188f91b700a191d90fb2bdff31\\&quot;}]},\\&quot;public\\&quot;:true,\\&quot;created_at\\&quot;:\\&quot;2018-12-19T15:28:54Z\\&quot;,\\&quot;org\\&quot;:{\\&quot;id\\&quot;:35807698,\\&quot;login\\&quot;:\\&quot;devopsloft\\&quot;,\\&quot;gravatar_id\\&quot;:\\&quot;\\&quot;,\\&quot;url\\&quot;:\\&quot;https://api.github.com/orgs/devopsloft\\&quot;,\\&quot;avatar_url\\&quot;:\\&quot;https://avatars.githubusercontent.com/u/35807698?\\&quot;}},{\\&quot;id\\&quot;:\\&quot;8779708997\\&quot;,\\&quot;type\\&quot;:\\&quot;PushEvent\\&quot;,\\&quot;actor\\&quot;:{\\&quot;id\\&quot;:22156854,\\&quot;login\\&quot;:\\&quot;skison\\&quot;,\\&quot;display_login\\&quot;:\\&quot;skison\\&quot;,\\&quot;gravatar_id\\&quot;:\\&quot;\\&quot;,\\&quot;url\\&quot;:\\&quot;https://api.github.com/users/skison\\&quot;,\\&quot;avatar_url\\&quot;:\\&quot;https://avatars.githubusercontent.com/u/22156854?\\&quot;},\\&quot;repo\\&quot;:{\\&quot;id\\&quot;:147821961,\\&quot;name\\&quot;:\\&quot;hige-itapps/International_Database\\&quot;,\\&quot;url\\&quot;:\\&quot;https://api.github.com/repos/hige-itapps/International_Database\\&quot;},\\&quot;payload\\&quot;:{\\&quot;push_id\\&quot;:3151206185,\\&quot;size\\&quot;:1,\\&quot;distinct_size\\&quot;:1,\\&quot;ref\\&quot;:\\&quot;refs/heads/master\\&quot;,\\&quot;head\\&quot;:\\&quot;04eb129824d11621efa1bafa7e84aaa610b3167f\\&quot;,\\&quot;before\\&quot;:\\&quot;9d5b21e731e01135eb84b3fbd8d8e8d7afca396d\\&quot;,\\&quot;commits\\&quot;:[{\\&quot;sha\\&quot;:\\&quot;04eb129824d11621efa1bafa7e84aaa610b3167f\\&quot;,\\&quot;author\\&quot;:{\\&quot;email\\&quot;:\\&quot;samuel.j.kison@wmich.edu\\&quot;,\\&quot;name\\&quot;:\\&quot;skison\\&quot;},\\&quot;message\\&quot;:\\&quot;Searches now return results in alphabetical order\\&quot;,\\&quot;distinct\\&quot;:true,\\&quot;url\\&quot;:\\&quot;https://api.github.com/repos/hige-itapps/International_Database/commits/04eb129824d11621efa1bafa7e84aaa610b3167f\\&quot;}]},\\&quot;public\\&quot;:true,\\&quot;created_at\\&quot;:\\&quot;2018-12-19T15:28:54Z\\&quot;},{\\&quot;id\\&quot;:\\&quot;8779708989\\&quot;,\\&quot;type\\&quot;:\\&quot;PushEvent\\&quot;,\\&quot;actor\\&quot;:{\\&quot;id\\&quot;:43404471,\\&quot;login\\&quot;:\\&quot;maikenberthelsen\\&quot;,\\&quot;display_login\\&quot;:\\&quot;maikenberthelsen\\&quot;,\\&quot;gravatar_id\\&quot;:\\&quot;\\&quot;,\\&quot;url\\&quot;:\\&quot;https://api.github.com/users/maikenberthelsen\\&quot;,\\&quot;avatar_url\\&quot;:\\&quot;https://avatars.githubusercontent.com/u/43404471?\\&quot;},\\&quot;repo\\&quot;:{\\&quot;id\\&quot;:157723296,\\&quot;name\\&quot;:\\&quot;idasand/Samfundet\\&quot;,\\&quot;url\\&quot;:\\&quot;https://api.github.com/repos/idasand/Samfundet\\&quot;},\\&quot;payload\\&quot;:{\\&quot;push_id\\&quot;:3151206184,\\&quot;size\\&quot;:1,\\&quot;distinct_size\\&quot;:1,\\&quot;ref\\&quot;:\\&quot;refs/heads/master\\&quot;,\\&quot;head\\&quot;:\\&quot;543c85f4effc7ed0363f0b8755e2f97a10170605\\&quot;,\\&quot;before\\&quot;:\\&quot;c8231b63c95692fe25a5b4d4178b
[...]
mon-cartridge-viewer/issues/events{/number}\\",\\"events_url\\":\\"https://api.github.com/repos/instructure/common-cartridge-viewer/events\\",\\"assignees_url\\":\\"https://api.github.com/repos/instructure/common-cartridge-viewer/assignees{/user}\\",\\"branches_url\\":\\"https://api.github.com/repos/instructure/common-cartridge-viewer/branches{/branch}\\",\\"tags_url\\":\\"https://api.github.com/repos/instructure/common-cartridge-viewer/tags\\",\\"blobs_url\\":\\"https://api.github.com/repos/instructure/common-cartridge-viewer/git/blobs{/sha}\\",\\"git_tags_url\\":\\"https://api.github.com/repos/instructure/common-cartridge-viewer/git/tags{/sha}\\",\\"git_refs_url\\":\\"https://api.github.com/repos/instructure/common-cartridge-viewer/git/refs{/sha}\\",\\"trees_url\\":\\"https://api.github.com/repos/instructure/common-cartridge-viewer/git/trees{/sha}\\",\\"statuses_url\\":\\"https://api.github.com/repos/instructure/common-cartridge-viewer/statuses/{sha}\\",\\"languages_url\\":\\"https://api.github.com/repos/instructure/common-cartridge-viewer/languages\\",\\"stargazers_url\\":\\"https://api.github.com/repos/instructure/common-cartridge-viewer/stargazers\\",\\"contributors_url\\":\\"https://api.github.com/repos/instructure/common-cartridge-viewer/contributors\\",\\"subscribers_url\\":\\"https://api.github.com/repos/instructure/common-cartridge-viewer/subscribers\\",\\"subscription_url\\":\\"https://api.github.com/repos/instructure/common-cartridge-viewer/subscription\\",\\"commits_url\\":\\"https://api.github.com/repos/instructure/common-cartridge-viewer/commits{/sha}\\",\\"git_commits_url\\":\\"https://api.github.com/repos/instructure/common-cartridge-viewer/git/commits{/sha}\\",\\"comments_url\\":\\"https://api.github.com/repos/instructure/common-cartridge-viewer/comments{/number}\\",\\"issue_comment_url\\":\\"https://api.github.com/repos/instructure/common-cartridge-viewer/issues/comments{/number}\\",\\"contents_url\\":\\"https://api.github.com/repos/instructure/common-cartridge-viewer/contents/{+path}\\",\\"compare_url\\":\\"https://api.github.com/repos/instructure/common-cartridge-viewer/compare/{base}...{head}\\",\\"merges_url\\":\\"https://api.github.com/repos/instructure/common-cartridge-viewer/merges\\",\\"archive_url\\":\\"https://api.github.com/repos/instructure/common-cartridge-viewer/{archive_format}{/ref}\\",\\"downloads_url\\":\\"https://api.github.com/repos/instructure/common-cartridge-viewer/downloads\\",\\"issues_url\\":\\"https://api.github.com/repos/instructure/common-cartridge-viewer/issues{/number}\\",\\"pulls_url\\":\\"https://api.github.com/repos/instructure/common-cartridge-viewer/pulls{/number}\\",\\"milestones_url\\":\\"https://api.github.com/repos/instructure/common-cartridge-viewer/milestones{/number}\\",\\"notifications_url\\":\\"https://api.github.com/repos/instructure/common-cartridge-viewer/notifications{?since,all,participating}\\",\\"labels_url\\":\\"https://api.github.com/repos/instructure/common-cartridge-viewer/labels{/name}\\",\\"releases_url\\":\\"https://api.github.com/repos/instructure/common-cartridge-viewer/releases{/id}\\",\\"deployments_url\\":\\"https://api.github.com/repos/instructure/common-cartridge-viewer/deployments\\",\\"created_at\\":\\"2018-08-28T16:19:25Z\\",\\"updated_at\\":\\"2018-12-19T13:52:55Z\\",\\"pushed_at\\":\\"2018-12-19T15:28:31Z\\",\\"git_url\\":\\"git://github.com/instructure/common-cartridge-viewer.git\\",\\"ssh_url\\":\\"git@github.com:instructure/common-cartridge-viewer.git\\",\\"clone_url\\":\\"https://github.com/instructure/common-cartridge-viewer.git\\",\\"svn_url\\":\\"https://github.com/instructure/common-cartridge-viewer\\",\\"homepage\\":\\"https://common-cartridge-viewer.netlify.com\\",\\"size\\":662,\\"stargazers_count\\":10,\\"watchers_count\\":10,\\"language\\":\\"JavaScript\\",\\"has_issues\\":true,\\"has_projects\\":false,\\"has_downloads\\":true,\\"has_wiki\\":false,\\"has_pages\\":false,\\"forks_count\\":0,\\"mirror_url\\":null,\\"archived\\":false,\\"open_issues_count\\":14,\\"license\\":{\\"key\\":\\"mit\\",\\"name\\":\\"MIT License\\",\\"spdx_id\\":\\"MIT\\",\\"url\\":\\"https://api.github.com/licenses/mit\\",\\"node_id\\":\\"MDc6TGljZW5zZTEz\\"},\\"forks\\":0,\\"open_issues\\":14,\\"watchers\\":10,\\"default_branch\\":\\"master\\"}},\\"_links\\":{\\"self\\":{\\"href\\":\\"https://api.github.com/repos/instructure/common-cartridge-viewer/pulls/100\\"},\\"html\\":{\\"href\\":\\"https://github.com/instructure/common-cartridge-viewer/pull/100\\"},\\"issue\\":{\\"href\\":\\"https://api.github.com/repos/instructure/common-cartridge-viewer/issues/100\\"},\\"comments\\":{\\"href\\":\\"https://api.github.com/repos/instructure/common-cartridge-viewer/issues/100/comments\\"},\\"review_comments\\":{\\"href\\":\\"https://api.github.com/repos/instructure/common-cartridge-viewer/pulls/100/comments\\"},\\"review_comment\\":{\\"href\\":\\"https://api.github.com/repos/instructure/common-cartridge-viewer/pulls/comments{/number}\\"},\\"commits\\":{\\"href\\":\\"https://api.github.com/repos/instructure/common-cartridge-viewer/pulls/100/commits\\"},\\"statuses\\":{\\"href\\":\\"https://api.github.com/repos/instructure/common-cartridge-viewer/statuses/a7bac76a3bb121b48b811fd1b95df91adfcc1f95\\"}},\\"author_association\\":\\"COLLABORATOR\\",\\"merged\\":false,\\"mergeable\\":null,\\"rebaseable\\":null,\\"mergeable_state\\":\\"unknown\\",\\"merged_by\\":null,\\"comments\\":0,\\"review_comments\\":0,\\"maintainer_can_modify\\":false,\\"commits\\":1,\\"additions\\":12,\\"deletions\\":10,\\"changed_files\\":1}},\\"public\\":true,\\"created_at\\":\\"2018-12-19T15:28:54Z\\",\\"org\\":{\\"id\\":515326,\\"login\\":\\"instructure\\",\\"gravatar_id\\":\\"\\",\\"url\\":\\"https://api.github.com/orgs/instructure\\",\\"avatar_url\\":\\"https://avatars.githubusercontent.com/u/515326?\\"}},{\\"id\\":\\"8779708968\\",\\"type\\":\\"IssueCommentEvent\\",\\"actor\\":{\\"id\\":2952352,\\"login\\":\\"labbati\\",\\"display_login\\":\\"labbati\\",\\"gravatar_id\\":\\"\\",\\"url\\":\\"https://api.github.com/users/labbati\\",\\"avatar_url\\":\\"https://avatars.githubusercontent.com/u/2952352?\\"},\\"repo\\":{\\"id\\":119990860,\\"name\\":\\"DataDog/dd-trace-php\\",\\"url\\":\\"https://api.github.com/repos/DataDog/dd-trace-php\\"},\\"payload\\":{\\"action\\":\\"created\\",\\"issue\\":{\\"url\\":\\"https://api.github.com/repos/DataDog/dd-trace-php/issues/192\\",\\"repository_url\\":\\"https://api.github.com/repos/DataDog/dd-trace-php\\",\\"labels_url\\":\\"https://api.github.com/repos/DataDog/dd-trace-php/issues/192/labels{/name}\\",\\"comments_url\\":\\"https://api.github.com/repos/DataDog/dd-trace-php/issues/192/comments\\",\\"events_url\\":\\"https://api.github.com/repos/DataDog/dd-trace-php/issues/192/events\\",\\"html_url\\":\\"https://github.com/DataDog/dd-trace-php/issues/192\\",\\"id\\":391781376,\\"node_id\\":\\"MDU6SXNzdWUzOTE3ODEzNzY=\\",\\"number\\":192,\\"title\\":\\"User extractor - Error when the id is a protected property\\",\\"user\\":{\\"login\\":\\"Lavoaster\\",\\"id\\":838613,\\"node_id\\":\\"MDQ6VXNlcjgzODYxMw==\\",\\"avatar_url\\":\\"https://avatars0.githubusercontent.com/u/838613?v=4\\",\\"gravatar_id\\":\\"\\",\\"url\\":\\"https://api.github.com/users/Lavoaster\\",\\"html_url\\":\\"https://github.com/Lavoaster\\",\\"followers_url\\":\\"https://api.github.com/users/Lavoaster/followers\\",\\"following_url\\":\\"https://api.github.com/users/Lavoaster/following{/other_user}\\",\\"gists_url\\":\\"https://api.github.com/users/Lavoaster/gists{/gist_id}\\",\\"starred_url\\":\\"https://api.github.com/users/Lavoaster/starred{/owner}{/repo}\\",\\"subscriptions_url\\":\\"https://api.github.com/users/Lavoaster/subscriptions\\",\\"organizations_url\\":\\"https://api.github.com/users/Lavoaster/orgs\\",\\"repos_url\\":\\"https://api.github.com/users/Lavoaster/repos\\",\\"events_url\\":\\"https://api.github.com/users/Lavoaster/events{/privacy}\\",\\"received_events_url\\":\\"https://api.github.com/users/Lavoaster/received_events\\",\\"type\\":\\"User\\",\\"site_admin\\":false},\\"labels\\":[],\\"state\\":\\"open\\",\\"locked\\":false,\\"assignee\\":null,\\"assignees\\":[],\\"milestone\\":null,\\"comments\\":0,\\"created_at\\":\\"2018-12-17T16:08:12Z\\",\\"updated_at\\":\\"2018-12-19T15:28:54Z\\",\\"closed_at\\":null,\\"author_association\\":\\"NONE\\",\\"body\\":\\"We use Doctrine within our Laravel Project, and not eloquent. So we don\'t expose our object properties, however, the code for extracting users appears to rely on accessing the id property directly, as apposed to going through the `\\\\\\\\Illuminate\\\\\\\\Contracts\\\\\\\\Auth\\\\\\\\Authenticatable` interface, which is required anyway.\\\\r\\\\n\\\\r\\\\nYou could modify the code in place to the following, and get rid of the try/catch.\\\\r\\\\n\\\\r\\\\n```php\\\\r\\\\n$user = auth()->user();\\\\r\\\\n// You probably would want to import the class below\\\\r\\\\nif ($user && $user instanceof \\\\\\\\Illuminate\\\\\\\\Contracts\\\\\\\\Auth\\\\\\\\Authenticatable) {\\\\r\\\\n    $span->setTag(\'laravel.user\', strlen($user->getAuthIdentifierName()) > 0 ? $user->getAuthIdentifierName() : \'-\');\\\\r\\\\n}\\\\r\\\\n```\\"},\\"comment\\":{\\"url\\":\\"https://api.github.com/repos/DataDog/dd-trace-php/issues/comments/448635361\\",\\"html_url\\":\\"https://github.com/DataDog/dd-trace-php/issues/192#issuecomment-448635361\\",\\"issue_url\\":\\"https://api.github.com/repos/DataDog/dd-trace-php/issues/192\\",\\"id\\":448635361,\\"node_id\\":\\"MDEyOklzc3VlQ29tbWVudDQ0ODYzNTM2MQ==\\",\\"user\\":{\\"login\\":\\"labbati\\",\\"id\\":2952352,\\"node_id\\":\\"MDQ6VXNlcjI5NTIzNTI=\\",\\"avatar_url\\":\\"https://avatars0.githubusercontent.com/u/2952352?v=4\\",\\"gravatar_id\\":\\"\\",\\"url\\":\\"https://api.github.com/users/labbati\\",\\"html_url\\":\\"https://github.com/labbati\\",\\"followers_url\\":\\"https://api.github.com/users/labbati/followers\\",\\"following_url\\":\\"https://api.github.com/users/labbati/following{/other_user}\\",\\"gists_url\\":\\"https://api.github.com/users/labbati/gists{/gist_id}\\",\\"starred_url\\":\\"https://api.github.com/users/labbati/starred{/owner}{/repo}\\",\\"subscriptions_url\\":\\"https://api.github.com/users/labbati/subscriptions\\",\\"organizations_url\\":\\"https://api.github.com/users/labbati/orgs\\",\\"repos_url\\":\\"https://api.github.com/users/labbati/repos\\",\\"events_url\\":\\"https://api.github.com/users/labbati/events{/privacy}\\",\\"received_events_url\\":\\"https://api.github.com/users/labbati/received_events\\",\\"type\\":\\"User\\",\\"site_admin\\":false},\\"created_at\\":\\"2018-12-19T15:28:54Z\\",\\"updated_at\\":\\"2018-12-19T15:28:54Z\\",\\"author_association\\":\\"MEMBER\\",\\"body\\":\\"Hey @Lavoaster, thanks for opening this issue. Interested in opening a PR with this change? \\ud83d\\ude04 \\"}},\\"public\\":true,\\"created_at\\":\\"2018-12-19T15:28:54Z\\",\\"org\\":{\\"id\\":365230,\\"login\\":\\"DataDog\\",\\"gravatar_id\\":\\"\\",\\"url\\":\\"https://api.github.com/orgs/DataDog\\",\\"avatar_url\\":\\"https://avatars.githubusercontent.com/u/365230?\\"}},{\\"id\\":\\"8779708966\\",\\"type\\":\\"PushEvent\\",\\"actor\\":{\\"id\\":39924258,\\"login\\":\\"vaeb80\\",\\"display_login\\":\\"vaeb80\\",\\"gravatar_id\\":\\"\\",\\"url\\":\\"https://api.github.com/users/vaeb80\\",\\"avatar_url\\":\\"https://avatars.githubusercontent.com/u/39924258?\\"},\\"repo\\":{\\"id\\":162351759,\\"name\\":\\"vaeb80/dsc-3-32-04-tree-ensembles-and-random-forests-lab-nyc-career-ds-102218\\",\\"url\\":\\"https://api.github.com/repos/vaeb80/dsc-3-32-04-tree-ensembles-and-random-forests-lab-nyc-career-ds-102218\\"},\\"payload\\":{\\"push_id\\":3151206158,\\"size\\":1,\\"distinct_size\\":1,\\"ref\\":\\"refs/heads/wip\\",\\"head\\":\\"9f1661253ae36a12425254f6449f22855977ca86\\",\\"before\\":\\"f21bbbc77c61d76887f698a86c0ae351c8046342\\",\\"commits\\":[{\\"sha\\":\\"9f1661253ae36a12425254f6449f22855977ca86\\",\\"author\\":{\\"email\\":\\"vaeb80@gmail.com\\",\\"name\\":\\"V Echeveste\\"},\\"message\\":\\"Automatically backed up by Learn\\",\\"distinct\\":true,\\"url\\":\\"https://api.github.com/repos/vaeb80/dsc-3-32-04-tree-ensembles-and-random-forests-lab-nyc-career-ds-102218/commits/9f1661253ae36a12425254f6449f22855977ca86\\"}]},\\"public\\":true,\\"created_at\\":\\"2018-12-19T15:28:54Z\\"},{\\"id\\":\\"8779708964\\",\\"type\\":\\"PushEvent\\",\\"actor\\":{\\"id\\":17726736,\\"login\\":\\"Naomi-Dennis\\",\\"display_login\\":\\"Naomi-Dennis\\",\\"gravatar_id\\":\\"\\",\\"url\\":\\"https://api.github.com/users/Naomi-Dennis\\",\\"avatar_url\\":\\"https://avatars.githubusercontent.com/u/17726736?\\"},\\"repo\\":{\\"id\\":156260874,\\"name\\":\\"Naomi-Dennis/js-templates-advanced-templating-lab-v-000\\",\\"url\\":\\"https://api.github.com/repos/Naomi-Dennis/js-templates-advanced-templating-lab-v-000\\"},\\"payload\\":{\\"push_id\\":3151206157,\\"size\\":1,\\"distinct_size\\":1,\\"ref\\":\\"refs/heads/wip\\",\\"head\\":\\"8f3d34d433c96516c8fb70ee84c8268fb53e2045\\",\\"before\\":\\"e313b2a9640f593b92103c85b622e7cf83562d09\\",\\"commits\\":[{\\"sha\\":\\"8f3d34d433c96516c8fb70ee84c8268fb53e2045\\",\\"author\\":{\\"email\\":\\"njdennis94@gmail.com\\",\\"name\\":\\"Naomi Dennis\\"},\\"message\\":\\"Automatically backed up by Learn\\",\\"distinct\\":true,\\"url\\":\\"https://api.github.com/repos/Naomi-Dennis/js-templates-advanced-templating-lab-v-000/commits/8f3d34d433c96516c8fb70ee84c8268fb53e2045\\"}]},\\"public\\":true,\\"created_at\\":\\"2018-12-19T15:28:54Z\\"},{\\"id\\":\\"8779708963\\",\\"type\\":\\"IssuesEvent\\",\\"actor\\":{\\"id\\":1676321,\\"login\\":\\"jamesmontemagno\\",\\"display_login\\":\\"jamesmontemagno\\",\\"gravatar_id\\":\\"\\",\\"url\\":\\"https://api.github.com/users/jamesmontemagno\\",\\"avatar_url\\":\\"https://avatars.githubusercontent.com/u/1676321?\\"},\\"repo\\":{\\"id\\":60303504,\\"name\\":\\"jamesmontemagno/DeviceInfoPlugin\\",\\"url\\":\\"https://api.github.com/repos/jamesmontemagno/DeviceInfoPlugin\\"},\\"payload\\":{\\"action\\":\\"closed\\",\\"issue\\":{\\"url\\":\\"https://api.github.com/repos/jamesmontemagno/DeviceInfoPlugin/issues/47\\",\\"repository_url\\":\\"https://api.github.com/repos/jamesmontemagno/DeviceInfoPlugin\\",\\"labels_url\\":\\"https://api.github.com/repos/jamesmontemagno/DeviceInfoPlugin/issues/47/labels{/name}\\",\\"comments_url\\":\\"https://api.github.com/repos/jamesmontemagno/DeviceInfoPlugin/issues/47/comments\\",\\"events_url\\":\\"https://api.github.com/repos/jamesmontemagno/DeviceInfoPlugin/issues/47/events\\",\\"html_url\\":\\"https://github.com/jamesmontemagno/DeviceInfoPlugin/issues/47\\",\\"id\\":299806588,\\"node_id\\":\\"MDU6SXNzdWUyOTk4MDY1ODg=\\",\\"number\\":47,\\"title\\":\\"Why use Serial Number in Android?\\",\\"user\\":{\\"login\\":\\"K232\\",\\"id\\":685016,\\"node_id\\":\\"MDQ6VXNlcjY4NTAxNg==\\",\\"avatar_url\\":\\"https://avatars1.githubusercontent.com/u/685016?v=4\\",\\"gravatar_id\\":\\"\\",\\"url\\":\\"https://api.github.com/users/K232\\",\\"html_url\\":\\"https://github.com/K232\\",\\"followers_url\\":\\"https://api.github.com/users/K232/followers\\",\\"following_url\\":\\"https://api.github.com/users/K232/following{/other_user}\\",\\"gists_url\\":\\"https://api.github.com/users/K232/gists{/gist_id}\\",\\"starred_url\\":\\"https://api.github.com/users/K232/starred{/owner}{/repo}\\",\\"subscriptions_url\\":\\"https://api.github.com/users/K232/subscriptions\\",\\"organizations_url\\":\\"https://api.github.com/users/K232/orgs\\",\\"repos_url\\":\\"https://api.github.com/users/K232/repos\\",\\"events_url\\":\\"https://api.github.com/users/K232/events{/privacy}\\",\\"received_events_url\\":\\"https://api.github.com/users/K232/received_events\\",\\"type\\":\\"User\\",\\"site_admin\\":false},\\"labels\\":[],\\"state\\":\\"closed\\",\\"locked\\":false,\\"assignee\\":null,\\"assignees\\":[],\\"milestone\\":null,\\"comments\\":0,\\"created_at\\":\\"2018-02-23T18:28:18Z\\",\\"updated_at\\":\\"2018-12-19T15:28:54Z\\",\\"closed_at\\":\\"2018-12-19T15:28:54Z\\",\\"author_association\\":\\"NONE\\",\\"body\\":\\"Hi all,\\\\r\\\\na question regarding #24: As seen in #21, there are several Android devices which return dummy serial numbers, like \\\\\\"0123456789ABCDEF\\\\\\". As @jamesmontemagno describes there, he first checks for the serial, and if not returned, the Android_Id is checked. According to the linked Android Developer docs, Android_Id seems to be much more reliable (as it\'s created by Android itself) than the serial number (which is no surprise because the serial number is not reliable at all as there are many devices with dummy numbers).\\\\r\\\\n\\\\r\\\\nIn https://github.com/jamesmontemagno/DeviceInfoPlugin/blob/master/src/DeviceInfo.Plugin.Android/DeviceInfoImplementation.cs, I\'ve removed lines 106-108 and 118 so I always use the Android_Id. This works fine on the emulator, and on my Wiko Lenny 3 with serial number \\\\\\"0123456789abcdef\\\\\\" ... I now get a (hopefully) unique string back (like \\\\\\"4e6e....\\\\\\").\\\\r\\\\n\\\\r\\\\nSo why is the serial number in Android used first? Maybe because the problems of the dummy serial numbers did not exist years ago, or are there any other reasons (security or else) why the Android_Id is not used in first place?\\\\r\\\\n\\\\r\\\\nMany thanks!\\\\r\\\\n\\\\r\\\\nP.S. So Android does have an ID (Android_Id) which is kept until user does a factory reset. Something similar for Apple still does not exist, so DeviceID is a new one on each uninstall and new installation of the app, right?\\"}},\\"public\\":true,\\"created_at\\":\\"2018-12-19T15:28:54Z\\"},{\\"id\\":\\"8779708960\\",\\"type\\":\\"PushEvent\\",\\"actor\\":{\\"id\\":4853820,\\"login\\":\\"HTML-Earth\\",\\"display_login\\":\\"HTML-Earth\\",\\"gravatar_id\\":\\"\\",\\"url\\":\\"https://api.github.com/users/HTML-Earth\\",\\"avatar_url\\":\\"https://avatars.githubusercontent.com/u/4853820?\\"},\\"repo\\":{\\"id\\":149092437,\\"name\\":\\"rwu17/P3\\",\\"url\\":\\"https://api.github.com/repos/rwu17/P3\\"},\\"payload\\":{\\"push_id\\":3151206156,\\"size\\":1,\\"distinct_size\\":1,\\"ref\\":\\"refs/heads/master\\",\\"head\\":\\"9c8091870c8f20b2f1ebfd001e947c1562430b65\\",\\"before\\":\\"9c08b8fa25a6509f9d8741bc63527befd115f628\\",\\"commits\\":[{\\"sha\\":\\"9c8091870c8f20b2f1ebfd001e947c1562430b65\\",\\"author\\":{\\"email\\":\\"htmlearth@gmail.com\\",\\"name\\":\\"Stefan Mir-Mackiewicz\\"},\\"message\\":\\"ez fix\\",\\"distinct\\":true,\\"url\\":\\"https://api.github.com/repos/rwu17/P3/commits/9c8091870c8f20b2f1ebfd001e947c1562430b65\\"}]},\\"public\\":true,\\"created_at\\":\\"2018-12-19T15:28:54Z\\"},{\\"id\\":\\"8779708957\\",\\"type\\":\\"PushEvent\\",\\"actor\\":{\\"id\\":30916819,\\"login\\":\\"bronderb\\",\\"display_login\\":\\"bronderb\\",\\"gravatar_id\\":\\"\\",\\"url\\":\\"https://api.github.com/users/bronderb\\",\\"avatar_url\\":\\"https://avatars.githubusercontent.com/u/30916819?\\"},\\"repo\\":{\\"id\\":154509046,\\"name\\":\\"bronderb/igor\\",\\"url\\":\\"https://api.github.com/repos/bronderb/igor\\"},\\"payload\\":{\\"push_id\\":3151206155,\\"size\\":1,\\"distinct_size\\":1,\\"ref\\":\\"refs/heads/master\\",\\"head\\":\\"afb9188f5b64317fe9a59847eaf425bb03358324\\",\\"before\\":\\"4bc3cae75af8ec0abe59b73db4a0bcfb2141be84\\",\\"commits\\":[{\\"sha\\":\\"afb9188f5b64317fe9a59847eaf425bb03358324\\",\\"author\\":{\\"email\\":\\"bronderb@gmail.com\\",\\"name\\":\\"bronderb\\"},\\"message\\":\\"Revert \\\\\\"\\ud83d\\udc49\\ud83d\\udc4cADd\\ud83d\\udca6CoPypASTa\\u270c\\ufe0fMODUlE\\\\\\"\\\\n\\\\nThis reverts commit 5ad9166e31854e0c281ae3dd338d9e6cbc245d82.\\",\\"distinct\\":true,\\"url\\":\\"https://api.github.com/repos/bronderb/igor/commits/afb9188f5b64317fe9a59847eaf425bb03358324\\"}]},\\"public\\":true,\\"created_at\\":\\"2018-12-19T15:28:54Z\\"}]"'
]]>			</failure>
		</testcase>
		<system-out>
<![CDATA[]]>		</system-out>
		<system-err>
<![CDATA[]]>		</system-err>
	</testsuite>
</testsuites>
